2025-09-03 17:23:30 | INFO | __main__:main:21 - 开始向量索引构建流程
2025-09-03 17:23:30 | INFO | __main__:main:24 - 步骤1：加载系统配置
2025-09-03 17:23:30 | INFO | src.infrastructure.config.config_manager:_load_config:261 - 加载配置文件: config.yaml
2025-09-03 17:23:30 | INFO | __main__:main:33 - 配置加载成功 - 嵌入服务提供商: aliyun
2025-09-03 17:23:30 | INFO | __main__:main:34 - 向量存储类型: faiss
2025-09-03 17:23:30 | INFO | __main__:main:35 - 文档路径: ./data
2025-09-03 17:23:30 | INFO | __main__:main:38 - 步骤2：初始化DDD服务工厂
2025-09-03 17:23:30 | INFO | __main__:main:42 - 创建IndexingService实例
2025-09-03 17:23:30 | INFO | __main__:main:46 - 步骤3：开始加载文档
2025-09-03 17:23:30 | INFO | __main__:main:62 - 找到 5 个文档文件
2025-09-03 17:23:30 | INFO | __main__:main:87 - 成功加载 5 个文档
2025-09-03 17:23:30 | INFO | __main__:main:90 - 步骤4：开始文本切分
2025-09-03 17:23:30 | ERROR | __main__:main:102 - 文档切分失败 feeding_guidelines.md: 'IndexingService' object has no attribute 'split_document'
2025-09-03 17:23:30 | ERROR | __main__:main:102 - 文档切分失败 nutrition_basics.md: 'IndexingService' object has no attribute 'split_document'
2025-09-03 17:23:30 | ERROR | __main__:main:102 - 文档切分失败 advanced_foods.json: 'IndexingService' object has no attribute 'split_document'
2025-09-03 17:23:30 | ERROR | __main__:main:102 - 文档切分失败 basic_foods.json: 'IndexingService' object has no attribute 'split_document'
2025-09-03 17:23:30 | ERROR | __main__:main:102 - 文档切分失败 mapping.json: 'IndexingService' object has no attribute 'split_document'
2025-09-03 17:23:30 | ERROR | __main__:main:105 - 文档切分失败，没有生成任何文本片段
2025-09-03 17:30:24 | INFO | __main__:main:21 - 开始向量索引构建流程
2025-09-03 17:30:24 | INFO | __main__:main:24 - 步骤1：加载系统配置
2025-09-03 17:30:24 | INFO | src.infrastructure.config.config_manager:_load_config:261 - 加载配置文件: config.yaml
2025-09-03 17:30:24 | INFO | __main__:main:33 - 配置加载成功 - 嵌入服务提供商: aliyun
2025-09-03 17:30:24 | INFO | __main__:main:34 - 向量存储类型: faiss
2025-09-03 17:30:24 | INFO | __main__:main:35 - 文档路径: ./data
2025-09-03 17:30:24 | INFO | __main__:main:38 - 步骤2：初始化DDD服务工厂
2025-09-03 17:30:24 | INFO | __main__:main:42 - 创建IndexingService实例
2025-09-03 17:30:24 | INFO | __main__:main:46 - 步骤3：收集文档文件路径
2025-09-03 17:30:24 | INFO | __main__:main:63 - 扫描目录: d:\pythoncode\hhh\data\foods
2025-09-03 17:30:24 | INFO | __main__:main:70 - 找到 2 个 .json 文件
2025-09-03 17:30:24 | INFO | __main__:main:63 - 扫描目录: d:\pythoncode\hhh\data\knowledge
2025-09-03 17:30:24 | INFO | __main__:main:70 - 找到 2 个 .md 文件
2025-09-03 17:30:24 | INFO | __main__:main:76 - 总共找到 4 个文档文件
2025-09-03 17:30:24 | INFO | __main__:main:79 - 步骤4：开始构建向量索引
2025-09-03 17:30:32 | INFO | __main__:main:86 - 向量索引构建成功！
2025-09-03 17:30:32 | INFO | __main__:main:87 - 处理文档数量: 0
2025-09-03 17:30:32 | INFO | __main__:main:88 - 处理时间: 7.70 秒
2025-09-03 17:30:32 | INFO | __main__:main:89 - 索引存储路径: ./data/vector_index
2025-09-03 17:30:32 | INFO | __main__:main:99 - ==================================================
2025-09-03 17:30:32 | INFO | __main__:main:100 - 向量索引构建完成！
2025-09-03 17:30:32 | INFO | __main__:main:101 - 处理文档数量: 0
2025-09-03 17:30:32 | INFO | __main__:main:102 - 处理时间: 7.70 秒
2025-09-03 17:30:32 | INFO | __main__:main:103 - 向量维度: 384
2025-09-03 17:30:32 | INFO | __main__:main:104 - 索引存储路径: ./data/vector_index
2025-09-03 17:30:32 | INFO | __main__:main:105 - ==================================================
2025-09-03 17:32:19 | INFO | __main__:main:21 - 开始向量索引构建流程
2025-09-03 17:32:19 | INFO | __main__:main:24 - 步骤1：加载系统配置
2025-09-03 17:32:19 | INFO | src.infrastructure.config.config_manager:_load_config:261 - 加载配置文件: config.yaml
2025-09-03 17:32:19 | INFO | __main__:main:33 - 配置加载成功 - 嵌入服务提供商: aliyun
2025-09-03 17:32:19 | INFO | __main__:main:34 - 向量存储类型: faiss
2025-09-03 17:32:19 | INFO | __main__:main:35 - 文档路径: ./data
2025-09-03 17:32:19 | INFO | __main__:main:38 - 步骤2：初始化DDD服务工厂
2025-09-03 17:32:19 | INFO | __main__:main:42 - 创建IndexingService实例
2025-09-03 17:32:19 | INFO | __main__:main:46 - 步骤3：收集文档文件路径
2025-09-03 17:32:19 | INFO | __main__:main:63 - 扫描目录: d:\pythoncode\hhh\data\foods
2025-09-03 17:32:19 | INFO | __main__:main:70 - 找到 2 个 .json 文件
2025-09-03 17:32:19 | INFO | __main__:main:63 - 扫描目录: d:\pythoncode\hhh\data\knowledge
2025-09-03 17:32:19 | INFO | __main__:main:70 - 找到 2 个 .md 文件
2025-09-03 17:32:19 | INFO | __main__:main:76 - 总共找到 4 个文档文件
2025-09-03 17:32:19 | INFO | __main__:main:79 - 步骤4：开始构建向量索引
2025-09-03 17:32:25 | INFO | __main__:main:86 - 向量索引构建成功！
2025-09-03 17:32:25 | INFO | __main__:main:87 - 处理文档数量: 0
2025-09-03 17:32:25 | INFO | __main__:main:88 - 处理时间: 6.85 秒
2025-09-03 17:32:25 | INFO | __main__:main:89 - 索引存储路径: ./data/vector_index
2025-09-03 17:32:25 | INFO | __main__:main:99 - ==================================================
2025-09-03 17:32:25 | INFO | __main__:main:100 - 向量索引构建完成！
2025-09-03 17:32:25 | INFO | __main__:main:101 - 处理文档数量: 0
2025-09-03 17:32:25 | INFO | __main__:main:102 - 处理时间: 6.85 秒
2025-09-03 17:32:25 | INFO | __main__:main:103 - 向量维度: 384
2025-09-03 17:32:25 | INFO | __main__:main:104 - 索引存储路径: ./data/vector_index
2025-09-03 17:32:25 | INFO | __main__:main:105 - ==================================================
2025-09-03 17:33:07 | INFO | __main__:main:21 - 开始向量索引构建流程
2025-09-03 17:33:07 | INFO | __main__:main:24 - 步骤1：加载系统配置
2025-09-03 17:33:07 | INFO | src.infrastructure.config.config_manager:_load_config:261 - 加载配置文件: config.yaml
2025-09-03 17:33:07 | INFO | __main__:main:33 - 配置加载成功 - 嵌入服务提供商: aliyun
2025-09-03 17:33:07 | INFO | __main__:main:34 - 向量存储类型: faiss
2025-09-03 17:33:07 | INFO | __main__:main:35 - 文档路径: ./data
2025-09-03 17:33:07 | INFO | __main__:main:38 - 步骤2：初始化DDD服务工厂
2025-09-03 17:33:07 | INFO | __main__:main:42 - 创建IndexingService实例
2025-09-03 17:33:07 | INFO | __main__:main:46 - 步骤3：收集文档文件路径
2025-09-03 17:33:07 | INFO | __main__:main:63 - 扫描目录: d:\pythoncode\hhh\data\foods
2025-09-03 17:33:07 | INFO | __main__:main:70 - 找到 2 个 .json 文件
2025-09-03 17:33:07 | INFO | __main__:main:63 - 扫描目录: d:\pythoncode\hhh\data\knowledge
2025-09-03 17:33:07 | INFO | __main__:main:70 - 找到 2 个 .md 文件
2025-09-03 17:33:07 | INFO | __main__:main:76 - 总共找到 4 个文档文件
2025-09-03 17:33:07 | INFO | __main__:main:79 - 步骤4：开始构建向量索引
2025-09-03 17:33:14 | INFO | __main__:main:86 - 向量索引构建成功！
2025-09-03 17:33:14 | INFO | __main__:main:87 - 处理文档数量: 1
2025-09-03 17:33:14 | INFO | __main__:main:88 - 处理时间: 7.13 秒
2025-09-03 17:33:14 | INFO | __main__:main:89 - 索引存储路径: ./data/vector_index
2025-09-03 17:33:14 | INFO | __main__:main:99 - ==================================================
2025-09-03 17:33:14 | INFO | __main__:main:100 - 向量索引构建完成！
2025-09-03 17:33:14 | INFO | __main__:main:101 - 处理文档数量: 1
2025-09-03 17:33:14 | INFO | __main__:main:102 - 处理时间: 7.13 秒
2025-09-03 17:33:14 | INFO | __main__:main:103 - 向量维度: 384
2025-09-03 17:33:14 | INFO | __main__:main:104 - 索引存储路径: ./data/vector_index
2025-09-03 17:33:14 | INFO | __main__:main:105 - ==================================================
2025-09-03 17:39:14 | INFO | __main__:main:21 - 开始向量索引构建流程
2025-09-03 17:39:14 | INFO | __main__:main:24 - 步骤1：加载系统配置
2025-09-03 17:39:14 | INFO | src.infrastructure.config.config_manager:_load_config:261 - 加载配置文件: config.yaml
2025-09-03 17:39:14 | INFO | __main__:main:33 - 配置加载成功 - 嵌入服务提供商: aliyun
2025-09-03 17:39:14 | INFO | __main__:main:34 - 向量存储类型: faiss
2025-09-03 17:39:14 | INFO | __main__:main:35 - 文档路径: ./data
2025-09-03 17:39:14 | INFO | __main__:main:38 - 步骤2：初始化DDD服务工厂
2025-09-03 17:39:14 | INFO | __main__:main:42 - 创建IndexingService实例
2025-09-03 17:39:14 | INFO | __main__:main:46 - 步骤3：收集文档文件路径
2025-09-03 17:39:14 | INFO | __main__:main:63 - 扫描目录: d:\pythoncode\hhh\data\foods
2025-09-03 17:39:14 | INFO | __main__:main:70 - 找到 2 个 .json 文件
2025-09-03 17:39:14 | INFO | __main__:main:63 - 扫描目录: d:\pythoncode\hhh\data\knowledge
2025-09-03 17:39:14 | INFO | __main__:main:70 - 找到 2 个 .md 文件
2025-09-03 17:39:14 | INFO | __main__:main:76 - 总共找到 4 个文档文件
2025-09-03 17:39:14 | INFO | __main__:main:79 - 步骤4：开始构建向量索引
2025-09-03 17:39:26 | INFO | __main__:main:86 - 向量索引构建成功！
2025-09-03 17:39:26 | INFO | __main__:main:87 - 处理文档数量: 1
2025-09-03 17:39:26 | INFO | __main__:main:88 - 处理时间: 12.40 秒
2025-09-03 17:39:26 | INFO | __main__:main:89 - 索引存储路径: ./data/vector_index
2025-09-03 17:39:26 | INFO | __main__:main:99 - ==================================================
2025-09-03 17:39:26 | INFO | __main__:main:100 - 向量索引构建完成！
2025-09-03 17:39:26 | INFO | __main__:main:101 - 处理文档数量: 1
2025-09-03 17:39:26 | INFO | __main__:main:102 - 处理时间: 12.40 秒
2025-09-03 17:39:26 | INFO | __main__:main:103 - 向量维度: 384
2025-09-03 17:39:26 | INFO | __main__:main:104 - 索引存储路径: ./data/vector_index
2025-09-03 17:39:26 | INFO | __main__:main:105 - ==================================================
2025-09-03 17:42:46 | INFO | __main__:main:21 - 开始向量索引构建流程
2025-09-03 17:42:46 | INFO | __main__:main:24 - 步骤1：加载系统配置
2025-09-03 17:42:46 | INFO | src.infrastructure.config.config_manager:_load_config:261 - 加载配置文件: config.yaml
2025-09-03 17:42:46 | INFO | __main__:main:33 - 配置加载成功 - 嵌入服务提供商: aliyun
2025-09-03 17:42:46 | INFO | __main__:main:34 - 向量存储类型: faiss
2025-09-03 17:42:46 | INFO | __main__:main:35 - 文档路径: ./data
2025-09-03 17:42:46 | INFO | __main__:main:38 - 步骤2：初始化DDD服务工厂
2025-09-03 17:42:46 | INFO | __main__:main:42 - 创建IndexingService实例
2025-09-03 17:42:46 | INFO | __main__:main:46 - 步骤3：收集文档文件路径
2025-09-03 17:42:46 | INFO | __main__:main:63 - 扫描目录: d:\pythoncode\hhh\data\foods
2025-09-03 17:42:46 | INFO | __main__:main:70 - 找到 2 个 .json 文件
2025-09-03 17:42:46 | INFO | __main__:main:63 - 扫描目录: d:\pythoncode\hhh\data\knowledge
2025-09-03 17:42:46 | INFO | __main__:main:70 - 找到 2 个 .md 文件
2025-09-03 17:42:46 | INFO | __main__:main:76 - 总共找到 4 个文档文件
2025-09-03 17:42:46 | INFO | __main__:main:79 - 步骤4：开始构建向量索引
2025-09-03 17:42:54 | INFO | __main__:main:86 - 向量索引构建成功！
2025-09-03 17:42:54 | INFO | __main__:main:87 - 处理文档数量: 1
2025-09-03 17:42:54 | INFO | __main__:main:88 - 处理时间: 7.78 秒
2025-09-03 17:42:54 | INFO | __main__:main:89 - 索引存储路径: ./data/vector_index
2025-09-03 17:42:54 | INFO | __main__:main:99 - ==================================================
2025-09-03 17:42:54 | INFO | __main__:main:100 - 向量索引构建完成！
2025-09-03 17:42:54 | INFO | __main__:main:101 - 处理文档数量: 1
2025-09-03 17:42:54 | INFO | __main__:main:102 - 处理时间: 7.78 秒
2025-09-03 17:42:54 | INFO | __main__:main:103 - 向量维度: 384
2025-09-03 17:42:54 | INFO | __main__:main:104 - 索引存储路径: ./data/vector_index
2025-09-03 17:42:54 | INFO | __main__:main:105 - ==================================================
2025-09-03 19:16:51 | INFO | __main__:main:21 - 开始向量索引构建流程
2025-09-03 19:16:51 | INFO | __main__:main:24 - 步骤1：加载系统配置
2025-09-03 19:16:51 | INFO | src.infrastructure.config.config_manager:_load_config:261 - 加载配置文件: config.yaml
2025-09-03 19:16:51 | INFO | __main__:main:33 - 配置加载成功 - 嵌入服务提供商: aliyun
2025-09-03 19:16:51 | INFO | __main__:main:34 - 向量存储类型: faiss
2025-09-03 19:16:51 | INFO | __main__:main:35 - 文档路径: ./data
2025-09-03 19:16:51 | INFO | __main__:main:38 - 步骤2：初始化DDD服务工厂
2025-09-03 19:16:51 | INFO | __main__:main:42 - 创建IndexingService实例
2025-09-03 19:16:51 | INFO | __main__:main:46 - 步骤3：收集文档文件路径
2025-09-03 19:16:51 | INFO | __main__:main:63 - 扫描目录: d:\pythoncode\hhh\data\foods
2025-09-03 19:16:51 | INFO | __main__:main:70 - 找到 2 个 .json 文件
2025-09-03 19:16:51 | INFO | __main__:main:63 - 扫描目录: d:\pythoncode\hhh\data\knowledge
2025-09-03 19:16:51 | INFO | __main__:main:70 - 找到 2 个 .md 文件
2025-09-03 19:16:51 | INFO | __main__:main:76 - 总共找到 4 个文档文件
2025-09-03 19:16:51 | INFO | __main__:main:79 - 步骤4：开始构建向量索引
2025-09-03 19:16:59 | INFO | __main__:main:85 - 向量索引构建成功！
2025-09-03 19:16:59 | INFO | __main__:main:86 - 处理文档数量: 1
2025-09-03 19:16:59 | INFO | __main__:main:87 - 处理时间: 8.38 秒
2025-09-03 19:16:59 | INFO | __main__:main:88 - 索引存储路径: ./data/vector_index
2025-09-03 19:16:59 | INFO | __main__:main:98 - ==================================================
2025-09-03 19:16:59 | INFO | __main__:main:99 - 向量索引构建完成！
2025-09-03 19:16:59 | INFO | __main__:main:100 - 处理文档数量: 1
2025-09-03 19:16:59 | INFO | __main__:main:101 - 处理时间: 8.38 秒
2025-09-03 19:16:59 | INFO | __main__:main:102 - 向量维度: 384
2025-09-03 19:16:59 | INFO | __main__:main:103 - 索引存储路径: ./data/vector_index
2025-09-03 19:16:59 | INFO | __main__:main:104 - ==================================================
2025-09-03 19:17:36 | INFO | __main__:main:21 - 开始向量索引构建流程
2025-09-03 19:17:36 | INFO | __main__:main:24 - 步骤1：加载系统配置
2025-09-03 19:17:36 | INFO | src.infrastructure.config.config_manager:_load_config:261 - 加载配置文件: config.yaml
2025-09-03 19:17:36 | INFO | __main__:main:33 - 配置加载成功 - 嵌入服务提供商: aliyun
2025-09-03 19:17:36 | INFO | __main__:main:34 - 向量存储类型: faiss
2025-09-03 19:17:36 | INFO | __main__:main:35 - 文档路径: ./data
2025-09-03 19:17:36 | INFO | __main__:main:38 - 步骤2：初始化DDD服务工厂
2025-09-03 19:17:36 | INFO | __main__:main:42 - 创建IndexingService实例
2025-09-03 19:17:36 | INFO | __main__:main:46 - 步骤3：收集文档文件路径
2025-09-03 19:17:36 | INFO | __main__:main:63 - 扫描目录: d:\pythoncode\hhh\data\foods
2025-09-03 19:17:36 | INFO | __main__:main:70 - 找到 2 个 .json 文件
2025-09-03 19:17:36 | INFO | __main__:main:63 - 扫描目录: d:\pythoncode\hhh\data\knowledge
2025-09-03 19:17:36 | INFO | __main__:main:70 - 找到 2 个 .md 文件
2025-09-03 19:17:36 | INFO | __main__:main:76 - 总共找到 4 个文档文件
2025-09-03 19:17:36 | INFO | __main__:main:79 - 步骤4：开始构建向量索引
2025-09-03 19:17:46 | INFO | __main__:main:85 - 向量索引构建成功！
2025-09-03 19:17:46 | INFO | __main__:main:86 - 处理文档数量: 1
2025-09-03 19:17:46 | INFO | __main__:main:87 - 处理时间: 9.56 秒
2025-09-03 19:17:46 | INFO | __main__:main:88 - 索引存储路径: ./data/vector_index
2025-09-03 19:17:46 | INFO | __main__:main:98 - ==================================================
2025-09-03 19:17:46 | INFO | __main__:main:99 - 向量索引构建完成！
2025-09-03 19:17:46 | INFO | __main__:main:100 - 处理文档数量: 1
2025-09-03 19:17:46 | INFO | __main__:main:101 - 处理时间: 9.56 秒
2025-09-03 19:17:46 | INFO | __main__:main:102 - 向量维度: 384
2025-09-03 19:17:46 | INFO | __main__:main:103 - 索引存储路径: ./data/vector_index
2025-09-03 19:17:46 | INFO | __main__:main:104 - ==================================================
2025-09-03 19:20:22 | INFO | __main__:main:21 - 开始向量索引构建流程
2025-09-03 19:20:22 | INFO | __main__:main:24 - 步骤1：加载系统配置
2025-09-03 19:20:22 | INFO | src.infrastructure.config.config_manager:_load_config:261 - 加载配置文件: config.yaml
2025-09-03 19:20:22 | INFO | __main__:main:33 - 配置加载成功 - 嵌入服务提供商: aliyun
2025-09-03 19:20:22 | INFO | __main__:main:34 - 向量存储类型: faiss
2025-09-03 19:20:22 | INFO | __main__:main:35 - 文档路径: ./data
2025-09-03 19:20:22 | INFO | __main__:main:38 - 步骤2：初始化DDD服务工厂
2025-09-03 19:20:22 | INFO | __main__:main:42 - 创建IndexingService实例
2025-09-03 19:20:22 | INFO | __main__:main:46 - 步骤3：收集文档文件路径
2025-09-03 19:20:22 | INFO | __main__:main:63 - 扫描目录: d:\pythoncode\hhh\data\foods
2025-09-03 19:20:22 | INFO | __main__:main:70 - 找到 2 个 .json 文件
2025-09-03 19:20:22 | INFO | __main__:main:63 - 扫描目录: d:\pythoncode\hhh\data\knowledge
2025-09-03 19:20:22 | INFO | __main__:main:70 - 找到 2 个 .md 文件
2025-09-03 19:20:22 | INFO | __main__:main:76 - 总共找到 4 个文档文件
2025-09-03 19:20:22 | INFO | __main__:main:79 - 步骤4：开始构建向量索引
2025-09-03 19:20:31 | INFO | __main__:main:85 - 向量索引构建成功！
2025-09-03 19:20:31 | INFO | __main__:main:86 - 处理文档数量: 4
2025-09-03 19:20:31 | INFO | __main__:main:87 - 处理时间: 8.56 秒
2025-09-03 19:20:31 | INFO | __main__:main:88 - 索引存储路径: ./data/vector_index
2025-09-03 19:20:31 | INFO | __main__:main:98 - ==================================================
2025-09-03 19:20:31 | INFO | __main__:main:99 - 向量索引构建完成！
2025-09-03 19:20:31 | INFO | __main__:main:100 - 处理文档数量: 4
2025-09-03 19:20:31 | INFO | __main__:main:101 - 处理时间: 8.56 秒
2025-09-03 19:20:31 | INFO | __main__:main:102 - 向量维度: 384
2025-09-03 19:20:31 | INFO | __main__:main:103 - 索引存储路径: ./data/vector_index
2025-09-03 19:20:31 | INFO | __main__:main:104 - ==================================================
2025-09-03 19:21:59 | INFO | __main__:main:21 - 开始向量索引构建流程
2025-09-03 19:21:59 | INFO | __main__:main:24 - 步骤1：加载系统配置
2025-09-03 19:21:59 | INFO | src.infrastructure.config.config_manager:_load_config:261 - 加载配置文件: config.yaml
2025-09-03 19:21:59 | INFO | __main__:main:33 - 配置加载成功 - 嵌入服务提供商: aliyun
2025-09-03 19:21:59 | INFO | __main__:main:34 - 向量存储类型: faiss
2025-09-03 19:21:59 | INFO | __main__:main:35 - 文档路径: ./data
2025-09-03 19:21:59 | INFO | __main__:main:38 - 步骤2：初始化DDD服务工厂
2025-09-03 19:21:59 | INFO | __main__:main:42 - 创建IndexingService实例
2025-09-03 19:21:59 | INFO | __main__:main:46 - 步骤3：收集文档文件路径
2025-09-03 19:21:59 | INFO | __main__:main:63 - 扫描目录: d:\pythoncode\hhh\data\foods
2025-09-03 19:21:59 | INFO | __main__:main:70 - 找到 2 个 .json 文件
2025-09-03 19:21:59 | INFO | __main__:main:63 - 扫描目录: d:\pythoncode\hhh\data\knowledge
2025-09-03 19:21:59 | INFO | __main__:main:70 - 找到 2 个 .md 文件
2025-09-03 19:21:59 | INFO | __main__:main:76 - 总共找到 4 个文档文件
2025-09-03 19:21:59 | INFO | __main__:main:79 - 步骤4：开始构建向量索引
2025-09-03 19:22:13 | INFO | __main__:main:85 - 向量索引构建成功！
2025-09-03 19:22:13 | INFO | __main__:main:86 - 处理文档数量: 23
2025-09-03 19:22:13 | INFO | __main__:main:87 - 处理时间: 14.69 秒
2025-09-03 19:22:13 | INFO | __main__:main:88 - 索引存储路径: ./data/vector_index
2025-09-03 19:22:13 | INFO | __main__:main:98 - ==================================================
2025-09-03 19:22:13 | INFO | __main__:main:99 - 向量索引构建完成！
2025-09-03 19:22:13 | INFO | __main__:main:100 - 处理文档数量: 23
2025-09-03 19:22:13 | INFO | __main__:main:101 - 处理时间: 14.69 秒
2025-09-03 19:22:13 | INFO | __main__:main:102 - 向量维度: 384
2025-09-03 19:22:13 | INFO | __main__:main:103 - 索引存储路径: ./data/vector_index
2025-09-03 19:22:13 | INFO | __main__:main:104 - ==================================================
2025-09-03 19:23:59 | INFO | __main__:main:21 - 开始向量索引构建流程
2025-09-03 19:23:59 | INFO | __main__:main:24 - 步骤1：加载系统配置
2025-09-03 19:23:59 | INFO | src.infrastructure.config.config_manager:_load_config:261 - 加载配置文件: config.yaml
2025-09-03 19:23:59 | INFO | __main__:main:33 - 配置加载成功 - 嵌入服务提供商: aliyun
2025-09-03 19:23:59 | INFO | __main__:main:34 - 向量存储类型: faiss
2025-09-03 19:23:59 | INFO | __main__:main:35 - 文档路径: ./data
2025-09-03 19:23:59 | INFO | __main__:main:38 - 步骤2：初始化DDD服务工厂
2025-09-03 19:23:59 | INFO | __main__:main:42 - 创建IndexingService实例
2025-09-03 19:23:59 | INFO | __main__:main:46 - 步骤3：收集文档文件路径
2025-09-03 19:23:59 | INFO | __main__:main:63 - 扫描目录: d:\pythoncode\hhh\data\foods
2025-09-03 19:23:59 | INFO | __main__:main:70 - 找到 2 个 .json 文件
2025-09-03 19:23:59 | INFO | __main__:main:63 - 扫描目录: d:\pythoncode\hhh\data\knowledge
2025-09-03 19:23:59 | INFO | __main__:main:70 - 找到 2 个 .md 文件
2025-09-03 19:23:59 | INFO | __main__:main:76 - 总共找到 4 个文档文件
2025-09-03 19:23:59 | INFO | __main__:main:79 - 步骤4：开始构建向量索引
2025-09-03 19:24:11 | INFO | __main__:main:85 - 向量索引构建成功！
2025-09-03 19:24:11 | INFO | __main__:main:86 - 处理文档数量: 23
2025-09-03 19:24:11 | INFO | __main__:main:87 - 处理时间: 11.76 秒
2025-09-03 19:24:11 | INFO | __main__:main:88 - 索引存储路径: ./data/vector_index
2025-09-03 19:24:11 | INFO | __main__:main:98 - ==================================================
2025-09-03 19:24:11 | INFO | __main__:main:99 - 向量索引构建完成！
2025-09-03 19:24:11 | INFO | __main__:main:100 - 处理文档数量: 23
2025-09-03 19:24:11 | INFO | __main__:main:101 - 处理时间: 11.76 秒
2025-09-03 19:24:11 | INFO | __main__:main:102 - 向量维度: 384
2025-09-03 19:24:11 | INFO | __main__:main:103 - 索引存储路径: ./data/vector_index
2025-09-03 19:24:11 | INFO | __main__:main:104 - ==================================================
2025-09-03 19:30:27 | INFO | __main__:main:21 - 开始向量索引构建流程
2025-09-03 19:30:27 | INFO | __main__:main:24 - 步骤1：加载系统配置
2025-09-03 19:30:27 | INFO | src.infrastructure.config.config_manager:_load_config:261 - 加载配置文件: config.yaml
2025-09-03 19:30:27 | INFO | __main__:main:33 - 配置加载成功 - 嵌入服务提供商: aliyun
2025-09-03 19:30:27 | INFO | __main__:main:34 - 向量存储类型: faiss
2025-09-03 19:30:27 | INFO | __main__:main:35 - 文档路径: ./data
2025-09-03 19:30:27 | INFO | __main__:main:38 - 步骤2：初始化DDD服务工厂
2025-09-03 19:30:27 | INFO | __main__:main:42 - 创建IndexingService实例
2025-09-03 19:30:27 | INFO | __main__:main:46 - 步骤3：收集文档文件路径
2025-09-03 19:30:27 | INFO | __main__:main:63 - 扫描目录: d:\pythoncode\hhh\data\foods
2025-09-03 19:30:27 | INFO | __main__:main:70 - 找到 2 个 .json 文件
2025-09-03 19:30:27 | INFO | __main__:main:63 - 扫描目录: d:\pythoncode\hhh\data\knowledge
2025-09-03 19:30:27 | INFO | __main__:main:70 - 找到 2 个 .md 文件
2025-09-03 19:30:27 | INFO | __main__:main:76 - 总共找到 4 个文档文件
2025-09-03 19:30:27 | INFO | __main__:main:79 - 步骤4：开始构建向量索引
2025-09-03 19:30:43 | INFO | __main__:main:85 - 向量索引构建成功！
2025-09-03 19:30:43 | INFO | __main__:main:86 - 处理文档数量: 23
2025-09-03 19:30:43 | INFO | __main__:main:87 - 处理时间: 15.45 秒
2025-09-03 19:30:43 | INFO | __main__:main:88 - 索引存储路径: ./data/vector_index
2025-09-03 19:30:43 | INFO | __main__:main:98 - ==================================================
2025-09-03 19:30:43 | INFO | __main__:main:99 - 向量索引构建完成！
2025-09-03 19:30:43 | INFO | __main__:main:100 - 处理文档数量: 23
2025-09-03 19:30:43 | INFO | __main__:main:101 - 处理时间: 15.45 秒
2025-09-03 19:30:43 | INFO | __main__:main:102 - 向量维度: 384
2025-09-03 19:30:43 | INFO | __main__:main:103 - 索引存储路径: ./data/vector_index
2025-09-03 19:30:43 | INFO | __main__:main:104 - ==================================================
2025-09-03 19:35:53 | INFO | __main__:main:21 - 开始向量索引构建流程
2025-09-03 19:35:53 | INFO | __main__:main:24 - 步骤1：加载系统配置
2025-09-03 19:35:53 | INFO | src.infrastructure.config.config_manager:_load_config:253 - 加载配置文件: config.yaml
2025-09-03 19:35:53 | INFO | __main__:main:33 - 配置加载成功 - 嵌入服务提供商: aliyun
2025-09-03 19:35:53 | INFO | __main__:main:34 - 向量存储类型: faiss
2025-09-03 19:35:53 | INFO | __main__:main:35 - 文档路径: ./data
2025-09-03 19:35:53 | INFO | __main__:main:38 - 步骤2：初始化DDD服务工厂
2025-09-03 19:35:53 | INFO | __main__:main:42 - 创建IndexingService实例
2025-09-03 19:35:53 | ERROR | __main__:main:107 - 向量索引构建过程中发生错误: 'Config' object has no attribute 'default_providers'
2025-09-03 19:39:28 | INFO | __main__:main:21 - 开始向量索引构建流程
2025-09-03 19:39:28 | INFO | __main__:main:24 - 步骤1：加载系统配置
2025-09-03 19:39:28 | INFO | src.infrastructure.config.config_manager:_load_config:253 - 加载配置文件: config.yaml
2025-09-03 19:39:28 | INFO | __main__:main:33 - 配置加载成功 - 嵌入服务提供商: aliyun
2025-09-03 19:39:28 | INFO | __main__:main:34 - 向量存储类型: faiss
2025-09-03 19:39:28 | INFO | __main__:main:35 - 文档路径: ./data
2025-09-03 19:39:28 | INFO | __main__:main:38 - 步骤2：初始化DDD服务工厂
2025-09-03 19:39:28 | INFO | __main__:main:42 - 创建IndexingService实例
2025-09-03 19:39:28 | ERROR | __main__:main:107 - 向量索引构建过程中发生错误: 未知的文档仓储提供器: faiss
2025-09-03 19:48:22 | INFO | __main__:main:21 - 开始向量索引构建流程
2025-09-03 19:48:22 | INFO | __main__:main:24 - 步骤1：加载系统配置
2025-09-03 19:48:22 | INFO | src.infrastructure.config.config_manager:_load_config:268 - 加载配置文件: config.yaml
2025-09-03 19:48:22 | INFO | src.infrastructure.config.config_manager:validate_config:467 - 创建存储目录: data\storage
2025-09-03 19:48:22 | INFO | __main__:main:33 - 配置加载成功 - 嵌入服务提供商: aliyun
2025-09-03 19:48:22 | INFO | __main__:main:34 - 向量存储类型: faiss
2025-09-03 19:48:22 | ERROR | __main__:main:107 - 向量索引构建过程中发生错误: 'StorageConfig' object has no attribute 'documents_path'
2025-09-03 19:50:11 | INFO | __main__:main:21 - 开始向量索引构建流程
2025-09-03 19:50:11 | INFO | __main__:main:24 - 步骤1：加载系统配置
2025-09-03 19:50:11 | INFO | src.infrastructure.config.config_manager:_load_config:268 - 加载配置文件: config.yaml
2025-09-03 19:50:11 | INFO | __main__:main:33 - 配置加载成功 - 嵌入服务提供商: aliyun
2025-09-03 19:50:11 | INFO | __main__:main:34 - 向量存储类型: faiss
2025-09-03 19:50:11 | ERROR | __main__:main:107 - 向量索引构建过程中发生错误: 'StorageConfig' object has no attribute 'documents_path'
2025-09-03 19:51:29 | INFO | __main__:main:21 - 开始向量索引构建流程
2025-09-03 19:51:29 | INFO | __main__:main:24 - 步骤1：加载系统配置
2025-09-03 19:51:29 | INFO | src.infrastructure.config.config_manager:_load_config:268 - 加载配置文件: config.yaml
2025-09-03 19:51:29 | INFO | __main__:main:34 - 配置加载成功 - 嵌入服务提供商: aliyun
2025-09-03 19:51:29 | INFO | __main__:main:35 - 向量存储类型: faiss
2025-09-03 19:51:29 | INFO | __main__:main:36 - 文档路径: ./data
2025-09-03 19:51:29 | INFO | __main__:main:39 - 步骤2：初始化DDD服务工厂
2025-09-03 19:51:29 | INFO | __main__:main:43 - 创建IndexingService实例
2025-09-03 19:51:29 | ERROR | __main__:main:108 - 向量索引构建过程中发生错误: LocalFileRepository.__init__() got an unexpected keyword argument 'max_file_size_mb'
2025-09-03 19:51:56 | INFO | __main__:main:21 - 开始向量索引构建流程
2025-09-03 19:51:56 | INFO | __main__:main:24 - 步骤1：加载系统配置
2025-09-03 19:51:56 | INFO | src.infrastructure.config.config_manager:_load_config:268 - 加载配置文件: config.yaml
2025-09-03 19:51:56 | INFO | __main__:main:34 - 配置加载成功 - 嵌入服务提供商: aliyun
2025-09-03 19:51:56 | INFO | __main__:main:35 - 向量存储类型: faiss
2025-09-03 19:51:56 | INFO | __main__:main:36 - 文档路径: ./data
2025-09-03 19:51:56 | INFO | __main__:main:39 - 步骤2：初始化DDD服务工厂
2025-09-03 19:51:56 | INFO | __main__:main:43 - 创建IndexingService实例
2025-09-03 19:51:56 | INFO | __main__:main:47 - 步骤3：收集文档文件路径
2025-09-03 19:51:56 | INFO | __main__:main:64 - 扫描目录: d:\pythoncode\hhh\data\foods
2025-09-03 19:51:56 | INFO | __main__:main:71 - 找到 2 个 .json 文件
2025-09-03 19:51:56 | INFO | __main__:main:64 - 扫描目录: d:\pythoncode\hhh\data\knowledge
2025-09-03 19:51:56 | INFO | __main__:main:71 - 找到 2 个 .md 文件
2025-09-03 19:51:56 | INFO | __main__:main:77 - 总共找到 4 个文档文件
2025-09-03 19:51:56 | INFO | __main__:main:80 - 步骤4：开始构建向量索引
2025-09-03 19:52:19 | INFO | __main__:main:86 - 向量索引构建成功！
2025-09-03 19:52:19 | INFO | __main__:main:87 - 处理文档数量: 23
2025-09-03 19:52:19 | INFO | __main__:main:88 - 处理时间: 22.55 秒
2025-09-03 19:52:19 | INFO | __main__:main:89 - 索引存储路径: ./data/vector_index
2025-09-03 19:52:19 | INFO | __main__:main:99 - ==================================================
2025-09-03 19:52:19 | INFO | __main__:main:100 - 向量索引构建完成！
2025-09-03 19:52:19 | INFO | __main__:main:101 - 处理文档数量: 23
2025-09-03 19:52:19 | INFO | __main__:main:102 - 处理时间: 22.55 秒
2025-09-03 19:52:19 | INFO | __main__:main:103 - 向量维度: 384
2025-09-03 19:52:19 | INFO | __main__:main:104 - 索引存储路径: ./data/vector_index
2025-09-03 19:52:19 | INFO | __main__:main:105 - ==================================================
2025-09-03 19:55:03 | INFO | __main__:main:21 - 开始向量索引构建流程
2025-09-03 19:55:03 | INFO | __main__:main:24 - 步骤1：加载系统配置
2025-09-03 19:55:03 | INFO | src.infrastructure.config.config_manager:_load_config:268 - 加载配置文件: config.yaml
2025-09-03 19:55:03 | INFO | __main__:main:34 - 配置加载成功 - 嵌入服务提供商: aliyun
2025-09-03 19:55:03 | INFO | __main__:main:35 - 向量存储类型: faiss
2025-09-03 19:55:03 | INFO | __main__:main:36 - 文档路径: ./data
2025-09-03 19:55:03 | INFO | __main__:main:39 - 步骤2：初始化DDD服务工厂
2025-09-03 19:55:03 | INFO | __main__:main:43 - 创建IndexingService实例
2025-09-03 19:55:03 | INFO | __main__:main:47 - 步骤3：收集文档文件路径
2025-09-03 19:55:03 | INFO | __main__:main:64 - 扫描目录: d:\pythoncode\hhh\data\foods
2025-09-03 19:55:03 | INFO | __main__:main:71 - 找到 2 个 .json 文件
2025-09-03 19:55:03 | INFO | __main__:main:64 - 扫描目录: d:\pythoncode\hhh\data\knowledge
2025-09-03 19:55:03 | INFO | __main__:main:71 - 找到 2 个 .md 文件
2025-09-03 19:55:03 | INFO | __main__:main:77 - 总共找到 4 个文档文件
2025-09-03 19:55:03 | INFO | __main__:main:80 - 步骤4：开始构建向量索引
2025-09-03 19:55:13 | INFO | __main__:main:86 - 向量索引构建成功！
2025-09-03 19:55:13 | INFO | __main__:main:87 - 处理文档数量: 23
2025-09-03 19:55:13 | INFO | __main__:main:88 - 处理时间: 10.23 秒
2025-09-03 19:55:13 | INFO | __main__:main:89 - 索引存储路径: ./data/vector_index
2025-09-03 19:55:13 | INFO | __main__:main:99 - ==================================================
2025-09-03 19:55:13 | INFO | __main__:main:100 - 向量索引构建完成！
2025-09-03 19:55:13 | INFO | __main__:main:101 - 处理文档数量: 23
2025-09-03 19:55:13 | INFO | __main__:main:102 - 处理时间: 10.23 秒
2025-09-03 19:55:13 | INFO | __main__:main:103 - 向量维度: 384
2025-09-03 19:55:13 | INFO | __main__:main:104 - 索引存储路径: ./data/vector_index
2025-09-03 19:55:13 | INFO | __main__:main:105 - ==================================================
2025-09-03 20:30:45 | INFO | __main__:main:21 - 开始向量索引构建流程
2025-09-03 20:30:45 | INFO | __main__:main:24 - 步骤1：加载系统配置
2025-09-03 20:30:45 | INFO | src.infrastructure.config.config_manager:_load_config:268 - 加载配置文件: config.yaml
2025-09-03 20:30:45 | INFO | __main__:main:34 - 配置加载成功 - 嵌入服务提供商: aliyun
2025-09-03 20:30:45 | INFO | __main__:main:35 - 向量存储类型: faiss
2025-09-03 20:30:45 | INFO | __main__:main:36 - 文档路径: ./data
2025-09-03 20:30:45 | INFO | __main__:main:39 - 步骤2：初始化DDD服务工厂
2025-09-03 20:30:45 | INFO | __main__:main:43 - 创建IndexingService实例
2025-09-03 20:30:45 | INFO | __main__:main:47 - 步骤3：收集文档文件路径
2025-09-03 20:30:45 | INFO | __main__:main:64 - 扫描目录: d:\pythoncode\hhh\data\foods
2025-09-03 20:30:45 | INFO | __main__:main:71 - 找到 2 个 .json 文件
2025-09-03 20:30:45 | INFO | __main__:main:64 - 扫描目录: d:\pythoncode\hhh\data\knowledge
2025-09-03 20:30:45 | INFO | __main__:main:71 - 找到 2 个 .md 文件
2025-09-03 20:30:45 | INFO | __main__:main:77 - 总共找到 4 个文档文件
2025-09-03 20:30:45 | INFO | __main__:main:80 - 步骤4：开始构建向量索引
2025-09-03 20:30:56 | INFO | __main__:main:86 - 向量索引构建成功！
2025-09-03 20:30:56 | INFO | __main__:main:87 - 处理文档数量: 23
2025-09-03 20:30:56 | INFO | __main__:main:88 - 处理时间: 10.61 秒
2025-09-03 20:30:56 | INFO | __main__:main:89 - 索引存储路径: ./data/vector_index
2025-09-03 20:30:56 | INFO | __main__:main:99 - ==================================================
2025-09-03 20:30:56 | INFO | __main__:main:100 - 向量索引构建完成！
2025-09-03 20:30:56 | INFO | __main__:main:101 - 处理文档数量: 23
2025-09-03 20:30:56 | INFO | __main__:main:102 - 处理时间: 10.61 秒
2025-09-03 20:30:56 | INFO | __main__:main:103 - 向量维度: 384
2025-09-03 20:30:56 | INFO | __main__:main:104 - 索引存储路径: ./data/vector_index
2025-09-03 20:30:56 | INFO | __main__:main:105 - ==================================================
2025-09-04 10:13:25 | INFO | __main__:main:21 - 开始向量索引构建流程
2025-09-04 10:13:25 | INFO | __main__:main:24 - 步骤1：加载系统配置
2025-09-04 10:13:25 | INFO | src.infrastructure.config.config_manager:_load_config:268 - 加载配置文件: config.yaml
2025-09-04 10:13:25 | INFO | __main__:main:34 - 配置加载成功 - 嵌入服务提供商: aliyun
2025-09-04 10:13:25 | INFO | __main__:main:35 - 向量存储类型: faiss
2025-09-04 10:13:25 | INFO | __main__:main:36 - 文档路径: ./data
2025-09-04 10:13:25 | INFO | __main__:main:39 - 步骤2：初始化DDD服务工厂
2025-09-04 10:13:25 | INFO | __main__:main:43 - 创建IndexingService实例
2025-09-04 10:13:25 | INFO | __main__:main:47 - 步骤3：收集文档文件路径
2025-09-04 10:13:25 | INFO | __main__:main:64 - 扫描目录: d:\pythoncode\hhh\data\foods
2025-09-04 10:13:25 | INFO | __main__:main:71 - 找到 2 个 .json 文件
2025-09-04 10:13:25 | INFO | __main__:main:64 - 扫描目录: d:\pythoncode\hhh\data\knowledge
2025-09-04 10:13:25 | INFO | __main__:main:71 - 找到 2 个 .md 文件
2025-09-04 10:13:25 | INFO | __main__:main:77 - 总共找到 4 个文档文件
2025-09-04 10:13:25 | INFO | __main__:main:80 - 步骤4：开始构建向量索引
2025-09-04 10:13:39 | INFO | __main__:main:86 - 向量索引构建成功！
2025-09-04 10:13:39 | INFO | __main__:main:87 - 处理文档数量: 23
2025-09-04 10:13:39 | INFO | __main__:main:88 - 处理时间: 13.90 秒
2025-09-04 10:13:39 | INFO | __main__:main:89 - 索引存储路径: ./data/vector_index
2025-09-04 10:13:39 | INFO | __main__:main:99 - ==================================================
2025-09-04 10:13:39 | INFO | __main__:main:100 - 向量索引构建完成！
2025-09-04 10:13:39 | INFO | __main__:main:101 - 处理文档数量: 23
2025-09-04 10:13:39 | INFO | __main__:main:102 - 处理时间: 13.90 秒
2025-09-04 10:13:39 | INFO | __main__:main:103 - 向量维度: 384
2025-09-04 10:13:39 | INFO | __main__:main:104 - 索引存储路径: ./data/vector_index
2025-09-04 10:13:39 | INFO | __main__:main:105 - ==================================================
2025-09-04 10:37:07 | INFO | __main__:main:21 - 开始向量索引构建流程
2025-09-04 10:37:07 | INFO | __main__:main:24 - 步骤1：加载系统配置
2025-09-04 10:37:07 | INFO | src.infrastructure.config.config_manager:_load_config:268 - 加载配置文件: config.yaml
2025-09-04 10:37:07 | INFO | __main__:main:34 - 配置加载成功 - 嵌入服务提供商: aliyun
2025-09-04 10:37:07 | INFO | __main__:main:35 - 向量存储类型: faiss
2025-09-04 10:37:07 | INFO | __main__:main:36 - 文档路径: ./data
2025-09-04 10:37:07 | INFO | __main__:main:39 - 步骤2：初始化DDD服务工厂
2025-09-04 10:37:07 | INFO | __main__:main:43 - 创建IndexingService实例
2025-09-04 10:37:07 | INFO | __main__:main:47 - 步骤3：收集文档文件路径
2025-09-04 10:37:07 | INFO | __main__:main:64 - 扫描目录: d:\pythoncode\hhh\data\foods
2025-09-04 10:37:07 | INFO | __main__:main:71 - 找到 2 个 .json 文件
2025-09-04 10:37:07 | INFO | __main__:main:64 - 扫描目录: d:\pythoncode\hhh\data\knowledge
2025-09-04 10:37:07 | INFO | __main__:main:71 - 找到 2 个 .md 文件
2025-09-04 10:37:07 | INFO | __main__:main:77 - 总共找到 4 个文档文件
2025-09-04 10:37:07 | INFO | __main__:main:80 - 步骤4：开始构建向量索引
2025-09-04 10:37:18 | INFO | __main__:main:86 - 向量索引构建成功！
2025-09-04 10:37:18 | INFO | __main__:main:87 - 处理文档数量: 23
2025-09-04 10:37:18 | INFO | __main__:main:88 - 处理时间: 11.34 秒
2025-09-04 10:37:18 | INFO | __main__:main:89 - 索引存储路径: ./data/vector_index
2025-09-04 10:37:18 | INFO | __main__:main:99 - ==================================================
2025-09-04 10:37:18 | INFO | __main__:main:100 - 向量索引构建完成！
2025-09-04 10:37:18 | INFO | __main__:main:101 - 处理文档数量: 23
2025-09-04 10:37:18 | INFO | __main__:main:102 - 处理时间: 11.34 秒
2025-09-04 10:37:18 | INFO | __main__:main:103 - 向量维度: 384
2025-09-04 10:37:18 | INFO | __main__:main:104 - 索引存储路径: ./data/vector_index
2025-09-04 10:37:18 | INFO | __main__:main:105 - ==================================================
2025-09-04 11:28:52 | INFO | __main__:main:21 - 开始向量索引构建流程
2025-09-04 11:28:52 | INFO | __main__:main:24 - 步骤1：加载系统配置
2025-09-04 11:28:52 | INFO | src.infrastructure.config.config_manager:_load_config:268 - 加载配置文件: config.yaml
2025-09-04 11:28:52 | INFO | __main__:main:34 - 配置加载成功 - 嵌入服务提供商: aliyun
2025-09-04 11:28:52 | INFO | __main__:main:35 - 向量存储类型: faiss
2025-09-04 11:28:52 | INFO | __main__:main:36 - 文档路径: ./data
2025-09-04 11:28:52 | INFO | __main__:main:39 - 步骤2：初始化DDD服务工厂
2025-09-04 11:28:52 | INFO | __main__:main:43 - 创建IndexingService实例
2025-09-04 11:28:52 | ERROR | __main__:main:108 - 向量索引构建过程中发生错误: JsonDocumentLoader.__init__() missing 1 required positional argument: 'logger'
2025-09-04 11:29:31 | INFO | __main__:main:21 - 开始向量索引构建流程
2025-09-04 11:29:31 | INFO | __main__:main:24 - 步骤1：加载系统配置
2025-09-04 11:29:31 | INFO | src.infrastructure.config.config_manager:_load_config:268 - 加载配置文件: config.yaml
2025-09-04 11:29:31 | INFO | __main__:main:34 - 配置加载成功 - 嵌入服务提供商: aliyun
2025-09-04 11:29:31 | INFO | __main__:main:35 - 向量存储类型: faiss
2025-09-04 11:29:31 | INFO | __main__:main:36 - 文档路径: ./data
2025-09-04 11:29:31 | INFO | __main__:main:39 - 步骤2：初始化DDD服务工厂
2025-09-04 11:29:31 | INFO | __main__:main:43 - 创建IndexingService实例
2025-09-04 11:29:31 | INFO | __main__:main:47 - 步骤3：收集文档文件路径
2025-09-04 11:29:31 | INFO | __main__:main:64 - 扫描目录: d:\pythoncode\hhh\data\foods
2025-09-04 11:29:31 | INFO | __main__:main:71 - 找到 2 个 .json 文件
2025-09-04 11:29:31 | INFO | __main__:main:64 - 扫描目录: d:\pythoncode\hhh\data\knowledge
2025-09-04 11:29:31 | INFO | __main__:main:71 - 找到 2 个 .md 文件
2025-09-04 11:29:31 | INFO | __main__:main:77 - 总共找到 4 个文档文件
2025-09-04 11:29:31 | INFO | __main__:main:80 - 步骤4：开始构建向量索引
2025-09-04 11:30:21 | INFO | __main__:main:86 - 向量索引构建成功！
2025-09-04 11:30:21 | INFO | __main__:main:87 - 处理文档数量: 23
2025-09-04 11:30:21 | INFO | __main__:main:88 - 处理时间: 50.71 秒
2025-09-04 11:30:21 | INFO | __main__:main:89 - 索引存储路径: ./data/vector_index
2025-09-04 11:30:21 | INFO | __main__:main:99 - ==================================================
2025-09-04 11:30:21 | INFO | __main__:main:100 - 向量索引构建完成！
2025-09-04 11:30:21 | INFO | __main__:main:101 - 处理文档数量: 23
2025-09-04 11:30:21 | INFO | __main__:main:102 - 处理时间: 50.71 秒
2025-09-04 11:30:21 | INFO | __main__:main:103 - 向量维度: 384
2025-09-04 11:30:21 | INFO | __main__:main:104 - 索引存储路径: ./data/vector_index
2025-09-04 11:30:21 | INFO | __main__:main:105 - ==================================================
2025-09-04 11:31:28 | INFO | __main__:main:21 - 开始向量索引构建流程
2025-09-04 11:31:28 | INFO | __main__:main:24 - 步骤1：加载系统配置
2025-09-04 11:31:28 | INFO | src.infrastructure.config.config_manager:_load_config:268 - 加载配置文件: config.yaml
2025-09-04 11:31:28 | INFO | __main__:main:34 - 配置加载成功 - 嵌入服务提供商: aliyun
2025-09-04 11:31:28 | INFO | __main__:main:35 - 向量存储类型: faiss
2025-09-04 11:31:28 | INFO | __main__:main:36 - 文档路径: ./data
2025-09-04 11:31:28 | INFO | __main__:main:39 - 步骤2：初始化DDD服务工厂
2025-09-04 11:31:28 | INFO | __main__:main:43 - 创建IndexingService实例
2025-09-04 11:31:28 | INFO | __main__:main:47 - 步骤3：收集文档文件路径
2025-09-04 11:31:28 | INFO | __main__:main:64 - 扫描目录: d:\pythoncode\hhh\data\foods
2025-09-04 11:31:28 | INFO | __main__:main:71 - 找到 2 个 .json 文件
2025-09-04 11:31:28 | INFO | __main__:main:64 - 扫描目录: d:\pythoncode\hhh\data\knowledge
2025-09-04 11:31:28 | INFO | __main__:main:71 - 找到 2 个 .md 文件
2025-09-04 11:31:28 | INFO | __main__:main:77 - 总共找到 4 个文档文件
2025-09-04 11:31:28 | INFO | __main__:main:80 - 步骤4：开始构建向量索引
2025-09-04 11:31:28 | ERROR | __main__:main:95 - 向量索引构建过程中发生错误: 'NoneType' object is not subscriptable
2025-09-04 11:32:42 | INFO | __main__:main:21 - 开始向量索引构建流程
2025-09-04 11:32:42 | INFO | __main__:main:24 - 步骤1：加载系统配置
2025-09-04 11:32:42 | INFO | src.infrastructure.config.config_manager:_load_config:268 - 加载配置文件: config.yaml
2025-09-04 11:32:42 | INFO | __main__:main:34 - 配置加载成功 - 嵌入服务提供商: aliyun
2025-09-04 11:32:42 | INFO | __main__:main:35 - 向量存储类型: faiss
2025-09-04 11:32:42 | INFO | __main__:main:36 - 文档路径: ./data
2025-09-04 11:32:42 | INFO | __main__:main:39 - 步骤2：初始化DDD服务工厂
2025-09-04 11:32:42 | INFO | __main__:main:43 - 创建IndexingService实例
2025-09-04 11:32:42 | INFO | __main__:main:47 - 步骤3：收集文档文件路径
2025-09-04 11:32:42 | INFO | __main__:main:64 - 扫描目录: d:\pythoncode\hhh\data\foods
2025-09-04 11:32:42 | INFO | __main__:main:71 - 找到 2 个 .json 文件
2025-09-04 11:32:42 | INFO | __main__:main:64 - 扫描目录: d:\pythoncode\hhh\data\knowledge
2025-09-04 11:32:42 | INFO | __main__:main:71 - 找到 2 个 .md 文件
2025-09-04 11:32:42 | INFO | __main__:main:77 - 总共找到 4 个文档文件
2025-09-04 11:32:42 | INFO | __main__:main:80 - 步骤4：开始构建向量索引
2025-09-04 11:33:32 | INFO | __main__:main:86 - 向量索引构建成功！
2025-09-04 11:33:32 | INFO | __main__:main:87 - 处理文档数量: 23
2025-09-04 11:33:32 | INFO | __main__:main:88 - 处理时间: 50.37 秒
2025-09-04 11:33:32 | INFO | __main__:main:89 - 索引存储路径: ./data/vector_index
2025-09-04 11:33:32 | INFO | __main__:main:99 - ==================================================
2025-09-04 11:33:32 | INFO | __main__:main:100 - 向量索引构建完成！
2025-09-04 11:33:32 | INFO | __main__:main:101 - 处理文档数量: 23
2025-09-04 11:33:32 | INFO | __main__:main:102 - 处理时间: 50.37 秒
2025-09-04 11:33:32 | INFO | __main__:main:103 - 向量维度: 384
2025-09-04 11:33:32 | INFO | __main__:main:104 - 索引存储路径: ./data/vector_index
2025-09-04 11:33:32 | INFO | __main__:main:105 - ==================================================
2025-09-04 11:38:50 | INFO | __main__:main:21 - 开始向量索引构建流程
2025-09-04 11:38:50 | INFO | __main__:main:24 - 步骤1：加载系统配置
2025-09-04 11:38:50 | INFO | src.infrastructure.config.config_manager:_load_config:268 - 加载配置文件: config.yaml
2025-09-04 11:38:50 | INFO | __main__:main:34 - 配置加载成功 - 嵌入服务提供商: aliyun
2025-09-04 11:38:50 | INFO | __main__:main:35 - 向量存储类型: faiss
2025-09-04 11:38:50 | INFO | __main__:main:36 - 文档路径: ./data
2025-09-04 11:38:50 | INFO | __main__:main:39 - 步骤2：初始化DDD服务工厂
2025-09-04 11:38:50 | INFO | __main__:main:43 - 创建IndexingService实例
2025-09-04 11:38:50 | INFO | __main__:main:47 - 步骤3：收集文档文件路径
2025-09-04 11:38:50 | INFO | __main__:main:64 - 扫描目录: d:\pythoncode\hhh\data\foods
2025-09-04 11:38:50 | INFO | __main__:main:71 - 找到 2 个 .json 文件
2025-09-04 11:38:50 | INFO | __main__:main:64 - 扫描目录: d:\pythoncode\hhh\data\knowledge
2025-09-04 11:38:50 | INFO | __main__:main:71 - 找到 2 个 .md 文件
2025-09-04 11:38:50 | INFO | __main__:main:77 - 总共找到 4 个文档文件
2025-09-04 11:38:50 | INFO | __main__:main:80 - 步骤4：开始构建向量索引
2025-09-04 11:38:57 | ERROR | __main__:main:95 - 向量索引构建过程中发生错误: 'NoneType' object is not subscriptable
2025-09-04 11:41:46 | INFO | __main__:main:21 - 开始向量索引构建流程
2025-09-04 11:41:46 | INFO | __main__:main:24 - 步骤1：加载系统配置
2025-09-04 11:41:46 | INFO | src.infrastructure.config.config_manager:_load_config:268 - 加载配置文件: config.yaml
2025-09-04 11:41:46 | INFO | __main__:main:34 - 配置加载成功 - 嵌入服务提供商: aliyun
2025-09-04 11:41:46 | INFO | __main__:main:35 - 向量存储类型: faiss
2025-09-04 11:41:46 | INFO | __main__:main:36 - 文档路径: ./data
2025-09-04 11:41:46 | INFO | __main__:main:39 - 步骤2：初始化DDD服务工厂
2025-09-04 11:41:46 | INFO | __main__:main:43 - 创建IndexingService实例
2025-09-04 11:41:46 | INFO | __main__:main:47 - 步骤3：收集文档文件路径
2025-09-04 11:41:46 | INFO | __main__:main:64 - 扫描目录: d:\pythoncode\hhh\data\foods
2025-09-04 11:41:46 | INFO | __main__:main:71 - 找到 2 个 .json 文件
2025-09-04 11:41:46 | INFO | __main__:main:64 - 扫描目录: d:\pythoncode\hhh\data\knowledge
2025-09-04 11:41:46 | INFO | __main__:main:71 - 找到 2 个 .md 文件
2025-09-04 11:41:46 | INFO | __main__:main:77 - 总共找到 4 个文档文件
2025-09-04 11:41:46 | INFO | __main__:main:80 - 步骤4：开始构建向量索引
2025-09-04 11:41:53 | ERROR | __main__:main:95 - 向量索引构建过程中发生错误: 'NoneType' object is not subscriptable
2025-09-04 11:42:15 | INFO | __main__:main:21 - 开始向量索引构建流程
2025-09-04 11:42:15 | INFO | __main__:main:24 - 步骤1：加载系统配置
2025-09-04 11:42:15 | INFO | src.infrastructure.config.config_manager:_load_config:268 - 加载配置文件: config.yaml
2025-09-04 11:42:15 | INFO | __main__:main:34 - 配置加载成功 - 嵌入服务提供商: aliyun
2025-09-04 11:42:15 | INFO | __main__:main:35 - 向量存储类型: faiss
2025-09-04 11:42:15 | INFO | __main__:main:36 - 文档路径: ./data
2025-09-04 11:42:15 | INFO | __main__:main:39 - 步骤2：初始化DDD服务工厂
2025-09-04 11:42:15 | INFO | __main__:main:43 - 创建IndexingService实例
2025-09-04 11:42:15 | INFO | __main__:main:47 - 步骤3：收集文档文件路径
2025-09-04 11:42:15 | INFO | __main__:main:64 - 扫描目录: d:\pythoncode\hhh\data\foods
2025-09-04 11:42:15 | INFO | __main__:main:71 - 找到 2 个 .json 文件
2025-09-04 11:42:15 | INFO | __main__:main:64 - 扫描目录: d:\pythoncode\hhh\data\knowledge
2025-09-04 11:42:15 | INFO | __main__:main:71 - 找到 2 个 .md 文件
2025-09-04 11:42:15 | INFO | __main__:main:77 - 总共找到 4 个文档文件
2025-09-04 11:42:15 | INFO | __main__:main:80 - 步骤4：开始构建向量索引
2025-09-04 11:42:24 | ERROR | __main__:main:95 - 向量索引构建过程中发生错误: 'NoneType' object is not subscriptable
2025-09-04 11:47:57 | INFO | __main__:main:21 - 开始向量索引构建流程
2025-09-04 11:47:57 | INFO | __main__:main:24 - 步骤1：加载系统配置
2025-09-04 11:47:57 | INFO | src.infrastructure.config.config_manager:_load_config:268 - 加载配置文件: config.yaml
2025-09-04 11:47:57 | INFO | __main__:main:34 - 配置加载成功 - 嵌入服务提供商: aliyun
2025-09-04 11:47:57 | INFO | __main__:main:35 - 向量存储类型: faiss
2025-09-04 11:47:57 | INFO | __main__:main:36 - 文档路径: ./data
2025-09-04 11:47:57 | INFO | __main__:main:39 - 步骤2：初始化DDD服务工厂
2025-09-04 11:47:57 | INFO | __main__:main:43 - 创建IndexingService实例
2025-09-04 11:47:57 | INFO | __main__:main:47 - 步骤3：收集文档文件路径
2025-09-04 11:47:57 | INFO | __main__:main:64 - 扫描目录: d:\pythoncode\hhh\data\foods
2025-09-04 11:47:57 | INFO | __main__:main:71 - 找到 2 个 .json 文件
2025-09-04 11:47:57 | INFO | __main__:main:64 - 扫描目录: d:\pythoncode\hhh\data\knowledge
2025-09-04 11:47:57 | INFO | __main__:main:71 - 找到 2 个 .md 文件
2025-09-04 11:47:57 | INFO | __main__:main:77 - 总共找到 4 个文档文件
2025-09-04 11:47:57 | INFO | __main__:main:80 - 步骤4：开始构建向量索引
2025-09-04 11:48:04 | ERROR | __main__:main:95 - 向量索引构建过程中发生错误: 'NoneType' object is not subscriptable
2025-09-04 11:48:43 | INFO | __main__:main:21 - 开始向量索引构建流程
2025-09-04 11:48:43 | INFO | __main__:main:24 - 步骤1：加载系统配置
2025-09-04 11:48:43 | INFO | src.infrastructure.config.config_manager:_load_config:268 - 加载配置文件: config.yaml
2025-09-04 11:48:43 | INFO | __main__:main:34 - 配置加载成功 - 嵌入服务提供商: aliyun
2025-09-04 11:48:43 | INFO | __main__:main:35 - 向量存储类型: faiss
2025-09-04 11:48:43 | INFO | __main__:main:36 - 文档路径: ./data
2025-09-04 11:48:43 | INFO | __main__:main:39 - 步骤2：初始化DDD服务工厂
2025-09-04 11:48:43 | INFO | __main__:main:43 - 创建IndexingService实例
2025-09-04 11:48:43 | INFO | __main__:main:47 - 步骤3：收集文档文件路径
2025-09-04 11:48:43 | INFO | __main__:main:64 - 扫描目录: d:\pythoncode\hhh\data\foods
2025-09-04 11:48:43 | INFO | __main__:main:71 - 找到 2 个 .json 文件
2025-09-04 11:48:43 | INFO | __main__:main:64 - 扫描目录: d:\pythoncode\hhh\data\knowledge
2025-09-04 11:48:43 | INFO | __main__:main:71 - 找到 2 个 .md 文件
2025-09-04 11:48:43 | INFO | __main__:main:77 - 总共找到 4 个文档文件
2025-09-04 11:48:43 | INFO | __main__:main:80 - 步骤4：开始构建向量索引
2025-09-04 11:48:50 | ERROR | __main__:main:95 - 向量索引构建过程中发生错误: 'NoneType' object is not subscriptable
2025-09-04 11:56:18 | INFO | __main__:main:21 - 开始向量索引构建流程
2025-09-04 11:56:18 | INFO | __main__:main:24 - 步骤1：加载系统配置
2025-09-04 11:56:18 | INFO | src.infrastructure.config.config_manager:_load_config:268 - 加载配置文件: config.yaml
2025-09-04 11:56:18 | INFO | __main__:main:34 - 配置加载成功 - 嵌入服务提供商: aliyun
2025-09-04 11:56:18 | INFO | __main__:main:35 - 向量存储类型: faiss
2025-09-04 11:56:18 | INFO | __main__:main:36 - 文档路径: ./data
2025-09-04 11:56:18 | INFO | __main__:main:39 - 步骤2：初始化DDD服务工厂
2025-09-04 11:56:18 | INFO | __main__:main:43 - 创建IndexingService实例
2025-09-04 11:56:18 | INFO | __main__:main:47 - 步骤3：收集文档文件路径
2025-09-04 11:56:18 | INFO | __main__:main:64 - 扫描目录: d:\pythoncode\hhh\data\foods
2025-09-04 11:56:18 | INFO | __main__:main:71 - 找到 2 个 .json 文件
2025-09-04 11:56:18 | INFO | __main__:main:64 - 扫描目录: d:\pythoncode\hhh\data\knowledge
2025-09-04 11:56:18 | INFO | __main__:main:71 - 找到 2 个 .md 文件
2025-09-04 11:56:18 | INFO | __main__:main:77 - 总共找到 4 个文档文件
2025-09-04 11:56:18 | INFO | __main__:main:80 - 步骤4：开始构建向量索引
2025-09-04 11:57:00 | INFO | __main__:main:86 - 向量索引构建成功！
2025-09-04 11:57:00 | INFO | __main__:main:87 - 处理文档数量: 23
2025-09-04 11:57:00 | INFO | __main__:main:88 - 处理时间: 42.02 秒
2025-09-04 11:57:00 | INFO | __main__:main:89 - 索引存储路径: ./data/vector_index
2025-09-04 11:57:00 | INFO | __main__:main:99 - ==================================================
2025-09-04 11:57:00 | INFO | __main__:main:100 - 向量索引构建完成！
2025-09-04 11:57:00 | INFO | __main__:main:101 - 处理文档数量: 23
2025-09-04 11:57:00 | INFO | __main__:main:102 - 处理时间: 42.02 秒
2025-09-04 11:57:00 | INFO | __main__:main:103 - 向量维度: 384
2025-09-04 11:57:00 | INFO | __main__:main:104 - 索引存储路径: ./data/vector_index
2025-09-04 11:57:00 | INFO | __main__:main:105 - ==================================================
2025-09-04 11:57:35 | INFO | __main__:main:21 - 开始向量索引构建流程
2025-09-04 11:57:35 | INFO | __main__:main:24 - 步骤1：加载系统配置
2025-09-04 11:57:35 | INFO | src.infrastructure.config.config_manager:_load_config:268 - 加载配置文件: config.yaml
2025-09-04 11:57:35 | INFO | __main__:main:34 - 配置加载成功 - 嵌入服务提供商: aliyun
2025-09-04 11:57:35 | INFO | __main__:main:35 - 向量存储类型: faiss
2025-09-04 11:57:35 | INFO | __main__:main:36 - 文档路径: ./data
2025-09-04 11:57:35 | INFO | __main__:main:39 - 步骤2：初始化DDD服务工厂
2025-09-04 11:57:35 | INFO | __main__:main:43 - 创建IndexingService实例
2025-09-04 11:57:35 | INFO | __main__:main:47 - 步骤3：收集文档文件路径
2025-09-04 11:57:35 | INFO | __main__:main:64 - 扫描目录: d:\pythoncode\hhh\data\foods
2025-09-04 11:57:35 | INFO | __main__:main:71 - 找到 2 个 .json 文件
2025-09-04 11:57:35 | INFO | __main__:main:64 - 扫描目录: d:\pythoncode\hhh\data\knowledge
2025-09-04 11:57:35 | INFO | __main__:main:71 - 找到 2 个 .md 文件
2025-09-04 11:57:35 | INFO | __main__:main:77 - 总共找到 4 个文档文件
2025-09-04 11:57:35 | INFO | __main__:main:80 - 步骤4：开始构建向量索引
2025-09-04 11:58:23 | INFO | __main__:main:86 - 向量索引构建成功！
2025-09-04 11:58:23 | INFO | __main__:main:87 - 处理文档数量: 23
2025-09-04 11:58:23 | INFO | __main__:main:88 - 处理时间: 48.11 秒
2025-09-04 11:58:23 | INFO | __main__:main:89 - 索引存储路径: ./data/vector_index
2025-09-04 11:58:23 | INFO | __main__:main:99 - ==================================================
2025-09-04 11:58:23 | INFO | __main__:main:100 - 向量索引构建完成！
2025-09-04 11:58:23 | INFO | __main__:main:101 - 处理文档数量: 23
2025-09-04 11:58:23 | INFO | __main__:main:102 - 处理时间: 48.11 秒
2025-09-04 11:58:23 | INFO | __main__:main:103 - 向量维度: 384
2025-09-04 11:58:23 | INFO | __main__:main:104 - 索引存储路径: ./data/vector_index
2025-09-04 11:58:23 | INFO | __main__:main:105 - ==================================================
2025-09-04 11:59:24 | INFO | __main__:main:21 - 开始向量索引构建流程
2025-09-04 11:59:24 | INFO | __main__:main:24 - 步骤1：加载系统配置
2025-09-04 11:59:24 | INFO | src.infrastructure.config.config_manager:_load_config:268 - 加载配置文件: config.yaml
2025-09-04 11:59:24 | INFO | __main__:main:34 - 配置加载成功 - 嵌入服务提供商: aliyun
2025-09-04 11:59:24 | INFO | __main__:main:35 - 向量存储类型: faiss
2025-09-04 11:59:24 | INFO | __main__:main:36 - 文档路径: ./data
2025-09-04 11:59:24 | INFO | __main__:main:39 - 步骤2：初始化DDD服务工厂
2025-09-04 11:59:24 | INFO | __main__:main:43 - 创建IndexingService实例
2025-09-04 11:59:24 | INFO | __main__:main:47 - 步骤3：收集文档文件路径
2025-09-04 11:59:24 | INFO | __main__:main:64 - 扫描目录: d:\pythoncode\hhh\data\foods
2025-09-04 11:59:24 | INFO | __main__:main:71 - 找到 2 个 .json 文件
2025-09-04 11:59:24 | INFO | __main__:main:64 - 扫描目录: d:\pythoncode\hhh\data\knowledge
2025-09-04 11:59:24 | INFO | __main__:main:71 - 找到 2 个 .md 文件
2025-09-04 11:59:24 | INFO | __main__:main:77 - 总共找到 4 个文档文件
2025-09-04 11:59:24 | INFO | __main__:main:80 - 步骤4：开始构建向量索引
2025-09-04 12:00:07 | INFO | __main__:main:86 - 向量索引构建成功！
2025-09-04 12:00:07 | INFO | __main__:main:87 - 处理文档数量: 23
2025-09-04 12:00:07 | INFO | __main__:main:88 - 处理时间: 43.26 秒
2025-09-04 12:00:07 | INFO | __main__:main:89 - 索引存储路径: ./data/vector_index
2025-09-04 12:00:07 | INFO | __main__:main:99 - ==================================================
2025-09-04 12:00:07 | INFO | __main__:main:100 - 向量索引构建完成！
2025-09-04 12:00:07 | INFO | __main__:main:101 - 处理文档数量: 23
2025-09-04 12:00:07 | INFO | __main__:main:102 - 处理时间: 43.26 秒
2025-09-04 12:00:07 | INFO | __main__:main:103 - 向量维度: 384
2025-09-04 12:00:07 | INFO | __main__:main:104 - 索引存储路径: ./data/vector_index
2025-09-04 12:00:07 | INFO | __main__:main:105 - ==================================================
2025-09-04 12:00:40 | INFO | __main__:main:21 - 开始向量索引构建流程
2025-09-04 12:00:40 | INFO | __main__:main:24 - 步骤1：加载系统配置
2025-09-04 12:00:40 | INFO | src.infrastructure.config.config_manager:_load_config:268 - 加载配置文件: config.yaml
2025-09-04 12:00:40 | INFO | __main__:main:34 - 配置加载成功 - 嵌入服务提供商: aliyun
2025-09-04 12:00:40 | INFO | __main__:main:35 - 向量存储类型: faiss
2025-09-04 12:00:40 | INFO | __main__:main:36 - 文档路径: ./data
2025-09-04 12:00:40 | INFO | __main__:main:39 - 步骤2：初始化DDD服务工厂
2025-09-04 12:00:40 | INFO | __main__:main:43 - 创建IndexingService实例
2025-09-04 12:00:40 | INFO | __main__:main:47 - 步骤3：收集文档文件路径
2025-09-04 12:00:40 | INFO | __main__:main:64 - 扫描目录: d:\pythoncode\hhh\data\foods
2025-09-04 12:00:40 | INFO | __main__:main:71 - 找到 2 个 .json 文件
2025-09-04 12:00:40 | INFO | __main__:main:64 - 扫描目录: d:\pythoncode\hhh\data\knowledge
2025-09-04 12:00:40 | INFO | __main__:main:71 - 找到 2 个 .md 文件
2025-09-04 12:00:40 | INFO | __main__:main:77 - 总共找到 4 个文档文件
2025-09-04 12:00:40 | INFO | __main__:main:80 - 步骤4：开始构建向量索引
2025-09-04 12:02:33 | INFO | __main__:main:21 - 开始向量索引构建流程
2025-09-04 12:02:33 | INFO | __main__:main:24 - 步骤1：加载系统配置
2025-09-04 12:02:33 | INFO | src.infrastructure.config.config_manager:_load_config:268 - 加载配置文件: config.yaml
2025-09-04 12:02:33 | INFO | __main__:main:34 - 配置加载成功 - 嵌入服务提供商: aliyun
2025-09-04 12:02:33 | INFO | __main__:main:35 - 向量存储类型: faiss
2025-09-04 12:02:33 | INFO | __main__:main:36 - 文档路径: ./data
2025-09-04 12:02:33 | INFO | __main__:main:39 - 步骤2：初始化DDD服务工厂
2025-09-04 12:02:33 | INFO | __main__:main:43 - 创建IndexingService实例
2025-09-04 12:02:33 | INFO | __main__:main:47 - 步骤3：收集文档文件路径
2025-09-04 12:02:33 | INFO | __main__:main:64 - 扫描目录: d:\pythoncode\hhh\data\foods
2025-09-04 12:02:33 | INFO | __main__:main:71 - 找到 2 个 .json 文件
2025-09-04 12:02:33 | INFO | __main__:main:64 - 扫描目录: d:\pythoncode\hhh\data\knowledge
2025-09-04 12:02:33 | INFO | __main__:main:71 - 找到 2 个 .md 文件
2025-09-04 12:02:33 | INFO | __main__:main:77 - 总共找到 4 个文档文件
2025-09-04 12:02:33 | INFO | __main__:main:80 - 步骤4：开始构建向量索引
2025-09-04 12:02:42 | INFO | __main__:main:86 - 向量索引构建成功！
2025-09-04 12:02:42 | INFO | __main__:main:87 - 处理文档数量: 1
2025-09-04 12:02:42 | INFO | __main__:main:88 - 处理时间: 8.42 秒
2025-09-04 12:02:42 | INFO | __main__:main:89 - 索引存储路径: ./data/vector_index
2025-09-04 12:02:42 | INFO | __main__:main:99 - ==================================================
2025-09-04 12:02:42 | INFO | __main__:main:100 - 向量索引构建完成！
2025-09-04 12:02:42 | INFO | __main__:main:101 - 处理文档数量: 1
2025-09-04 12:02:42 | INFO | __main__:main:102 - 处理时间: 8.42 秒
2025-09-04 12:02:42 | INFO | __main__:main:103 - 向量维度: 384
2025-09-04 12:02:42 | INFO | __main__:main:104 - 索引存储路径: ./data/vector_index
2025-09-04 12:02:42 | INFO | __main__:main:105 - ==================================================
2025-09-04 12:04:20 | INFO | __main__:main:21 - 开始向量索引构建流程
2025-09-04 12:04:20 | INFO | __main__:main:24 - 步骤1：加载系统配置
2025-09-04 12:04:20 | INFO | src.infrastructure.config.config_manager:_load_config:268 - 加载配置文件: config.yaml
2025-09-04 12:04:20 | INFO | __main__:main:34 - 配置加载成功 - 嵌入服务提供商: aliyun
2025-09-04 12:04:20 | INFO | __main__:main:35 - 向量存储类型: faiss
2025-09-04 12:04:20 | INFO | __main__:main:36 - 文档路径: ./data
2025-09-04 12:04:20 | INFO | __main__:main:39 - 步骤2：初始化DDD服务工厂
2025-09-04 12:04:20 | INFO | __main__:main:43 - 创建IndexingService实例
2025-09-04 12:04:20 | INFO | __main__:main:47 - 步骤3：收集文档文件路径
2025-09-04 12:04:20 | INFO | __main__:main:64 - 扫描目录: d:\pythoncode\hhh\data\foods
2025-09-04 12:04:20 | INFO | __main__:main:71 - 找到 2 个 .json 文件
2025-09-04 12:04:20 | INFO | __main__:main:64 - 扫描目录: d:\pythoncode\hhh\data\knowledge
2025-09-04 12:04:20 | INFO | __main__:main:71 - 找到 2 个 .md 文件
2025-09-04 12:04:20 | INFO | __main__:main:77 - 总共找到 4 个文档文件
2025-09-04 12:04:20 | INFO | __main__:main:80 - 步骤4：开始构建向量索引
2025-09-04 12:04:29 | INFO | __main__:main:86 - 向量索引构建成功！
2025-09-04 12:04:29 | INFO | __main__:main:87 - 处理文档数量: 1
2025-09-04 12:04:29 | INFO | __main__:main:88 - 处理时间: 8.37 秒
2025-09-04 12:04:29 | INFO | __main__:main:89 - 索引存储路径: ./data/vector_index
2025-09-04 12:04:29 | INFO | __main__:main:99 - ==================================================
2025-09-04 12:04:29 | INFO | __main__:main:100 - 向量索引构建完成！
2025-09-04 12:04:29 | INFO | __main__:main:101 - 处理文档数量: 1
2025-09-04 12:04:29 | INFO | __main__:main:102 - 处理时间: 8.37 秒
2025-09-04 12:04:29 | INFO | __main__:main:103 - 向量维度: 1536
2025-09-04 12:04:29 | INFO | __main__:main:104 - 索引存储路径: ./data/vector_index
2025-09-04 12:04:29 | INFO | __main__:main:105 - ==================================================
2025-09-04 12:06:55 | INFO | __main__:main:21 - 开始向量索引构建流程
2025-09-04 12:06:55 | INFO | __main__:main:24 - 步骤1：加载系统配置
2025-09-04 12:06:55 | INFO | src.infrastructure.config.config_manager:_load_config:268 - 加载配置文件: config.yaml
2025-09-04 12:06:55 | INFO | __main__:main:34 - 配置加载成功 - 嵌入服务提供商: aliyun
2025-09-04 12:06:55 | INFO | __main__:main:35 - 向量存储类型: faiss
2025-09-04 12:06:55 | INFO | __main__:main:36 - 文档路径: ./data
2025-09-04 12:06:55 | INFO | __main__:main:39 - 步骤2：初始化DDD服务工厂
2025-09-04 12:06:55 | INFO | __main__:main:43 - 创建IndexingService实例
2025-09-04 12:06:55 | INFO | __main__:main:47 - 步骤3：收集文档文件路径
2025-09-04 12:06:55 | INFO | __main__:main:64 - 扫描目录: d:\pythoncode\hhh\data\foods
2025-09-04 12:06:55 | INFO | __main__:main:71 - 找到 2 个 .json 文件
2025-09-04 12:06:55 | INFO | __main__:main:64 - 扫描目录: d:\pythoncode\hhh\data\knowledge
2025-09-04 12:06:55 | INFO | __main__:main:71 - 找到 2 个 .md 文件
2025-09-04 12:06:55 | INFO | __main__:main:77 - 总共找到 4 个文档文件
2025-09-04 12:06:55 | INFO | __main__:main:80 - 步骤4：开始构建向量索引
2025-09-04 12:07:38 | INFO | __main__:main:86 - 向量索引构建成功！
2025-09-04 12:07:38 | INFO | __main__:main:87 - 处理文档数量: 23
2025-09-04 12:07:38 | INFO | __main__:main:88 - 处理时间: 43.06 秒
2025-09-04 12:07:38 | INFO | __main__:main:89 - 索引存储路径: ./data/vector_index
2025-09-04 12:07:38 | INFO | __main__:main:99 - ==================================================
2025-09-04 12:07:38 | INFO | __main__:main:100 - 向量索引构建完成！
2025-09-04 12:07:38 | INFO | __main__:main:101 - 处理文档数量: 23
2025-09-04 12:07:38 | INFO | __main__:main:102 - 处理时间: 43.06 秒
2025-09-04 12:07:38 | INFO | __main__:main:103 - 向量维度: 1536
2025-09-04 12:07:38 | INFO | __main__:main:104 - 索引存储路径: ./data/vector_index
2025-09-04 12:07:38 | INFO | __main__:main:105 - ==================================================
2025-09-04 14:16:02 | INFO | __main__:main:21 - 开始向量索引构建流程
2025-09-04 14:16:02 | INFO | __main__:main:24 - 步骤1：加载系统配置
2025-09-04 14:16:02 | INFO | src.infrastructure.config.config_manager:_load_config:268 - 加载配置文件: config.yaml
2025-09-04 14:16:02 | INFO | __main__:main:34 - 配置加载成功 - 嵌入服务提供商: aliyun
2025-09-04 14:16:02 | INFO | __main__:main:35 - 向量存储类型: faiss
2025-09-04 14:16:02 | INFO | __main__:main:36 - 文档路径: ./data
2025-09-04 14:16:02 | INFO | __main__:main:39 - 步骤2：初始化DDD服务工厂
2025-09-04 14:16:02 | INFO | __main__:main:43 - 创建IndexingService实例
2025-09-04 14:16:02 | INFO | __main__:main:47 - 步骤3：收集文档文件路径
2025-09-04 14:16:02 | INFO | __main__:main:64 - 扫描目录: d:\pythoncode\hhh\data\foods
2025-09-04 14:16:02 | INFO | __main__:main:71 - 找到 2 个 .json 文件
2025-09-04 14:16:02 | INFO | __main__:main:64 - 扫描目录: d:\pythoncode\hhh\data\knowledge
2025-09-04 14:16:02 | INFO | __main__:main:71 - 找到 2 个 .md 文件
2025-09-04 14:16:02 | INFO | __main__:main:77 - 总共找到 4 个文档文件
2025-09-04 14:16:02 | INFO | __main__:main:80 - 步骤4：开始构建向量索引
2025-09-04 14:16:53 | INFO | __main__:main:86 - 向量索引构建成功！
2025-09-04 14:16:53 | INFO | __main__:main:87 - 处理文档数量: 24
2025-09-04 14:16:53 | INFO | __main__:main:88 - 处理时间: 50.71 秒
2025-09-04 14:16:53 | INFO | __main__:main:89 - 索引存储路径: ./data/vector_index
2025-09-04 14:16:53 | INFO | __main__:main:99 - ==================================================
2025-09-04 14:16:53 | INFO | __main__:main:100 - 向量索引构建完成！
2025-09-04 14:16:53 | INFO | __main__:main:101 - 处理文档数量: 24
2025-09-04 14:16:53 | INFO | __main__:main:102 - 处理时间: 50.71 秒
2025-09-04 14:16:53 | INFO | __main__:main:103 - 向量维度: 1536
2025-09-04 14:16:53 | INFO | __main__:main:104 - 索引存储路径: ./data/vector_index
2025-09-04 14:16:53 | INFO | __main__:main:105 - ==================================================
2025-09-04 14:30:51 | INFO | __main__:main:21 - 开始向量索引构建流程
2025-09-04 14:30:51 | INFO | __main__:main:24 - 步骤1：加载系统配置
2025-09-04 14:30:51 | INFO | src.infrastructure.config.config_manager:_load_config:268 - 加载配置文件: config.yaml
2025-09-04 14:30:51 | INFO | __main__:main:34 - 配置加载成功 - 嵌入服务提供商: aliyun
2025-09-04 14:30:51 | INFO | __main__:main:35 - 向量存储类型: faiss
2025-09-04 14:30:51 | INFO | __main__:main:36 - 文档路径: ./data
2025-09-04 14:30:51 | INFO | __main__:main:39 - 步骤2：初始化DDD服务工厂
2025-09-04 14:30:51 | INFO | __main__:main:43 - 创建IndexingService实例
2025-09-04 14:30:51 | INFO | __main__:main:47 - 步骤3：收集文档文件路径
2025-09-04 14:30:51 | INFO | __main__:main:64 - 扫描目录: d:\pythoncode\hhh\data\foods
2025-09-04 14:30:51 | INFO | __main__:main:71 - 找到 2 个 .json 文件
2025-09-04 14:30:51 | INFO | __main__:main:64 - 扫描目录: d:\pythoncode\hhh\data\knowledge
2025-09-04 14:30:51 | INFO | __main__:main:71 - 找到 2 个 .md 文件
2025-09-04 14:30:51 | INFO | __main__:main:77 - 总共找到 4 个文档文件
2025-09-04 14:30:51 | INFO | __main__:main:80 - 步骤4：开始构建向量索引
2025-09-04 14:46:01 | INFO | __main__:main:21 - 开始向量索引构建流程
2025-09-04 14:46:01 | INFO | __main__:main:24 - 步骤1：加载系统配置
2025-09-04 14:46:01 | INFO | src.infrastructure.config.config_manager:_load_config:268 - 加载配置文件: config.yaml
2025-09-04 14:46:01 | INFO | __main__:main:34 - 配置加载成功 - 嵌入服务提供商: aliyun
2025-09-04 14:46:01 | INFO | __main__:main:35 - 向量存储类型: faiss
2025-09-04 14:46:01 | INFO | __main__:main:36 - 文档路径: ./data
2025-09-04 14:46:01 | INFO | __main__:main:39 - 步骤2：初始化DDD服务工厂
2025-09-04 14:46:01 | INFO | __main__:main:43 - 创建IndexingService实例
2025-09-04 14:46:01 | INFO | __main__:main:47 - 步骤3：收集文档文件路径
2025-09-04 14:46:01 | INFO | __main__:main:64 - 扫描目录: d:\pythoncode\hhh\data\foods
2025-09-04 14:46:01 | INFO | __main__:main:71 - 找到 2 个 .json 文件
2025-09-04 14:46:01 | INFO | __main__:main:64 - 扫描目录: d:\pythoncode\hhh\data\knowledge
2025-09-04 14:46:01 | INFO | __main__:main:71 - 找到 2 个 .md 文件
2025-09-04 14:46:01 | INFO | __main__:main:77 - 总共找到 4 个文档文件
2025-09-04 14:46:01 | INFO | __main__:main:80 - 步骤4：开始构建向量索引
2025-09-04 14:46:50 | INFO | __main__:main:86 - 向量索引构建成功！
2025-09-04 14:46:50 | INFO | __main__:main:87 - 处理文档数量: 0
2025-09-04 14:46:50 | INFO | __main__:main:88 - 处理时间: 49.33 秒
2025-09-04 14:46:50 | INFO | __main__:main:89 - 索引存储路径: ./data/vector_index
2025-09-04 14:46:50 | INFO | __main__:main:99 - ==================================================
2025-09-04 14:46:50 | INFO | __main__:main:100 - 向量索引构建完成！
2025-09-04 14:46:50 | INFO | __main__:main:101 - 处理文档数量: 0
2025-09-04 14:46:50 | INFO | __main__:main:102 - 处理时间: 49.33 秒
2025-09-04 14:46:50 | INFO | __main__:main:103 - 向量维度: 1536
2025-09-04 14:46:50 | INFO | __main__:main:104 - 索引存储路径: ./data/vector_index
2025-09-04 14:46:50 | INFO | __main__:main:105 - ==================================================
2025-09-04 14:50:17 | INFO | __main__:main:21 - 开始向量索引构建流程
2025-09-04 14:50:17 | INFO | __main__:main:24 - 步骤1：加载系统配置
2025-09-04 14:50:17 | INFO | src.infrastructure.config.config_manager:_load_config:268 - 加载配置文件: config.yaml
2025-09-04 14:50:17 | INFO | __main__:main:34 - 配置加载成功 - 嵌入服务提供商: aliyun
2025-09-04 14:50:17 | INFO | __main__:main:35 - 向量存储类型: faiss
2025-09-04 14:50:17 | INFO | __main__:main:36 - 文档路径: ./data
2025-09-04 14:50:17 | INFO | __main__:main:39 - 步骤2：初始化DDD服务工厂
2025-09-04 14:50:17 | INFO | __main__:main:43 - 创建IndexingService实例
2025-09-04 14:50:17 | INFO | __main__:main:47 - 步骤3：收集文档文件路径
2025-09-04 14:50:17 | INFO | __main__:main:64 - 扫描目录: d:\pythoncode\hhh\data\foods
2025-09-04 14:50:17 | INFO | __main__:main:71 - 找到 2 个 .json 文件
2025-09-04 14:50:17 | INFO | __main__:main:64 - 扫描目录: d:\pythoncode\hhh\data\knowledge
2025-09-04 14:50:17 | INFO | __main__:main:71 - 找到 2 个 .md 文件
2025-09-04 14:50:17 | INFO | __main__:main:77 - 总共找到 4 个文档文件
2025-09-04 14:50:17 | INFO | __main__:main:80 - 步骤4：开始构建向量索引
2025-09-04 14:55:28 | INFO | __main__:main:21 - 开始向量索引构建流程
2025-09-04 14:55:28 | INFO | __main__:main:24 - 步骤1：加载系统配置
2025-09-04 14:55:28 | INFO | src.infrastructure.config.config_manager:_load_config:268 - 加载配置文件: config.yaml
2025-09-04 14:55:28 | INFO | __main__:main:34 - 配置加载成功 - 嵌入服务提供商: aliyun
2025-09-04 14:55:28 | INFO | __main__:main:35 - 向量存储类型: faiss
2025-09-04 14:55:28 | INFO | __main__:main:36 - 文档路径: ./data
2025-09-04 14:55:28 | INFO | __main__:main:39 - 步骤2：初始化DDD服务工厂
2025-09-04 14:55:28 | INFO | __main__:main:43 - 创建IndexingService实例
2025-09-04 14:55:28 | INFO | __main__:main:47 - 步骤3：收集文档文件路径
2025-09-04 14:55:28 | INFO | __main__:main:64 - 扫描目录: d:\pythoncode\hhh\data\foods
2025-09-04 14:55:28 | INFO | __main__:main:71 - 找到 2 个 .json 文件
2025-09-04 14:55:28 | INFO | __main__:main:64 - 扫描目录: d:\pythoncode\hhh\data\knowledge
2025-09-04 14:55:28 | INFO | __main__:main:71 - 找到 2 个 .md 文件
2025-09-04 14:55:28 | INFO | __main__:main:77 - 总共找到 4 个文档文件
2025-09-04 14:55:28 | INFO | __main__:main:80 - 步骤4：开始构建向量索引
2025-09-04 14:57:31 | INFO | __main__:main:21 - 开始向量索引构建流程
2025-09-04 14:57:31 | INFO | __main__:main:24 - 步骤1：加载系统配置
2025-09-04 14:57:31 | INFO | src.infrastructure.config.config_manager:_load_config:268 - 加载配置文件: config.yaml
2025-09-04 14:57:31 | INFO | __main__:main:34 - 配置加载成功 - 嵌入服务提供商: aliyun
2025-09-04 14:57:31 | INFO | __main__:main:35 - 向量存储类型: faiss
2025-09-04 14:57:31 | INFO | __main__:main:36 - 文档路径: ./data
2025-09-04 14:57:31 | INFO | __main__:main:39 - 步骤2：初始化DDD服务工厂
2025-09-04 14:57:31 | INFO | __main__:main:43 - 创建IndexingService实例
2025-09-04 14:57:31 | INFO | __main__:main:47 - 步骤3：收集文档文件路径
2025-09-04 14:57:31 | INFO | __main__:main:64 - 扫描目录: d:\pythoncode\hhh\data\foods
2025-09-04 14:57:31 | INFO | __main__:main:71 - 找到 2 个 .json 文件
2025-09-04 14:57:31 | INFO | __main__:main:64 - 扫描目录: d:\pythoncode\hhh\data\knowledge
2025-09-04 14:57:31 | INFO | __main__:main:71 - 找到 2 个 .md 文件
2025-09-04 14:57:31 | INFO | __main__:main:77 - 总共找到 4 个文档文件
2025-09-04 14:57:31 | INFO | __main__:main:80 - 步骤4：开始构建向量索引
2025-09-04 15:00:32 | INFO | __main__:main:21 - 开始向量索引构建流程
2025-09-04 15:00:32 | INFO | __main__:main:24 - 步骤1：加载系统配置
2025-09-04 15:00:32 | INFO | src.infrastructure.config.config_manager:_load_config:268 - 加载配置文件: config.yaml
2025-09-04 15:00:32 | INFO | __main__:main:34 - 配置加载成功 - 嵌入服务提供商: aliyun
2025-09-04 15:00:32 | INFO | __main__:main:35 - 向量存储类型: faiss
2025-09-04 15:00:32 | INFO | __main__:main:36 - 文档路径: ./data
2025-09-04 15:00:32 | INFO | __main__:main:39 - 步骤2：初始化DDD服务工厂
2025-09-04 15:00:32 | INFO | __main__:main:43 - 创建IndexingService实例
2025-09-04 15:00:32 | INFO | __main__:main:47 - 步骤3：收集文档文件路径
2025-09-04 15:00:32 | INFO | __main__:main:64 - 扫描目录: d:\pythoncode\hhh\data\foods
2025-09-04 15:00:32 | INFO | __main__:main:71 - 找到 2 个 .json 文件
2025-09-04 15:00:32 | INFO | __main__:main:64 - 扫描目录: d:\pythoncode\hhh\data\knowledge
2025-09-04 15:00:32 | INFO | __main__:main:71 - 找到 2 个 .md 文件
2025-09-04 15:00:32 | INFO | __main__:main:77 - 总共找到 4 个文档文件
2025-09-04 15:00:32 | INFO | __main__:main:80 - 步骤4：开始构建向量索引
2025-09-04 15:02:30 | INFO | __main__:main:21 - 开始向量索引构建流程
2025-09-04 15:02:30 | INFO | __main__:main:24 - 步骤1：加载系统配置
2025-09-04 15:02:30 | INFO | src.infrastructure.config.config_manager:_load_config:268 - 加载配置文件: config.yaml
2025-09-04 15:02:30 | INFO | __main__:main:34 - 配置加载成功 - 嵌入服务提供商: aliyun
2025-09-04 15:02:30 | INFO | __main__:main:35 - 向量存储类型: faiss
2025-09-04 15:02:30 | INFO | __main__:main:36 - 文档路径: ./data
2025-09-04 15:02:30 | INFO | __main__:main:39 - 步骤2：初始化DDD服务工厂
2025-09-04 15:02:30 | INFO | __main__:main:43 - 创建IndexingService实例
2025-09-04 15:02:30 | INFO | __main__:main:47 - 步骤3：收集文档文件路径
2025-09-04 15:02:30 | INFO | __main__:main:64 - 扫描目录: d:\pythoncode\hhh\data\foods
2025-09-04 15:02:30 | INFO | __main__:main:71 - 找到 2 个 .json 文件
2025-09-04 15:02:30 | INFO | __main__:main:64 - 扫描目录: d:\pythoncode\hhh\data\knowledge
2025-09-04 15:02:30 | INFO | __main__:main:71 - 找到 2 个 .md 文件
2025-09-04 15:02:30 | INFO | __main__:main:77 - 总共找到 4 个文档文件
2025-09-04 15:02:30 | INFO | __main__:main:80 - 步骤4：开始构建向量索引
2025-09-04 15:06:05 | INFO | __main__:main:21 - 开始向量索引构建流程
2025-09-04 15:06:05 | INFO | __main__:main:24 - 步骤1：加载系统配置
2025-09-04 15:06:05 | INFO | src.infrastructure.config.config_manager:_load_config:268 - 加载配置文件: config.yaml
2025-09-04 15:06:05 | INFO | __main__:main:34 - 配置加载成功 - 嵌入服务提供商: aliyun
2025-09-04 15:06:05 | INFO | __main__:main:35 - 向量存储类型: faiss
2025-09-04 15:06:05 | INFO | __main__:main:36 - 文档路径: ./data
2025-09-04 15:06:05 | INFO | __main__:main:39 - 步骤2：初始化DDD服务工厂
2025-09-04 15:06:05 | INFO | __main__:main:43 - 创建IndexingService实例
2025-09-04 15:06:05 | INFO | __main__:main:47 - 步骤3：收集文档文件路径
2025-09-04 15:06:05 | INFO | __main__:main:64 - 扫描目录: d:\pythoncode\hhh\data\foods
2025-09-04 15:06:05 | INFO | __main__:main:71 - 找到 2 个 .json 文件
2025-09-04 15:06:05 | INFO | __main__:main:64 - 扫描目录: d:\pythoncode\hhh\data\knowledge
2025-09-04 15:06:05 | INFO | __main__:main:71 - 找到 2 个 .md 文件
2025-09-04 15:06:05 | INFO | __main__:main:77 - 总共找到 4 个文档文件
2025-09-04 15:06:05 | INFO | __main__:main:80 - 步骤4：开始构建向量索引
2025-09-04 15:07:00 | INFO | __main__:main:21 - 开始向量索引构建流程
2025-09-04 15:07:00 | INFO | __main__:main:24 - 步骤1：加载系统配置
2025-09-04 15:07:00 | INFO | src.infrastructure.config.config_manager:_load_config:268 - 加载配置文件: config.yaml
2025-09-04 15:07:00 | INFO | __main__:main:34 - 配置加载成功 - 嵌入服务提供商: aliyun
2025-09-04 15:07:00 | INFO | __main__:main:35 - 向量存储类型: faiss
2025-09-04 15:07:00 | INFO | __main__:main:36 - 文档路径: ./data
2025-09-04 15:07:00 | INFO | __main__:main:39 - 步骤2：初始化DDD服务工厂
2025-09-04 15:07:00 | INFO | __main__:main:43 - 创建IndexingService实例
2025-09-04 15:07:00 | INFO | __main__:main:47 - 步骤3：收集文档文件路径
2025-09-04 15:07:00 | INFO | __main__:main:64 - 扫描目录: d:\pythoncode\hhh\data\foods
2025-09-04 15:07:00 | INFO | __main__:main:71 - 找到 2 个 .json 文件
2025-09-04 15:07:00 | INFO | __main__:main:64 - 扫描目录: d:\pythoncode\hhh\data\knowledge
2025-09-04 15:07:00 | INFO | __main__:main:71 - 找到 2 个 .md 文件
2025-09-04 15:07:00 | INFO | __main__:main:77 - 总共找到 4 个文档文件
2025-09-04 15:07:00 | INFO | __main__:main:80 - 步骤4：开始构建向量索引
2025-09-04 15:07:25 | INFO | __main__:main:21 - 开始向量索引构建流程
2025-09-04 15:07:25 | INFO | __main__:main:24 - 步骤1：加载系统配置
2025-09-04 15:07:25 | INFO | src.infrastructure.config.config_manager:_load_config:268 - 加载配置文件: config.yaml
2025-09-04 15:07:25 | INFO | __main__:main:34 - 配置加载成功 - 嵌入服务提供商: aliyun
2025-09-04 15:07:25 | INFO | __main__:main:35 - 向量存储类型: faiss
2025-09-04 15:07:25 | INFO | __main__:main:36 - 文档路径: ./data
2025-09-04 15:07:25 | INFO | __main__:main:39 - 步骤2：初始化DDD服务工厂
2025-09-04 15:07:25 | INFO | __main__:main:43 - 创建IndexingService实例
2025-09-04 15:07:25 | INFO | __main__:main:47 - 步骤3：收集文档文件路径
2025-09-04 15:07:25 | INFO | __main__:main:64 - 扫描目录: d:\pythoncode\hhh\data\foods
2025-09-04 15:07:25 | INFO | __main__:main:71 - 找到 2 个 .json 文件
2025-09-04 15:07:25 | INFO | __main__:main:64 - 扫描目录: d:\pythoncode\hhh\data\knowledge
2025-09-04 15:07:25 | INFO | __main__:main:71 - 找到 2 个 .md 文件
2025-09-04 15:07:25 | INFO | __main__:main:77 - 总共找到 4 个文档文件
2025-09-04 15:07:25 | INFO | __main__:main:80 - 步骤4：开始构建向量索引
2025-09-04 15:09:06 | INFO | __main__:main:21 - 开始向量索引构建流程
2025-09-04 15:09:06 | INFO | __main__:main:24 - 步骤1：加载系统配置
2025-09-04 15:09:06 | INFO | src.infrastructure.config.config_manager:_load_config:268 - 加载配置文件: config.yaml
2025-09-04 15:09:06 | INFO | __main__:main:34 - 配置加载成功 - 嵌入服务提供商: aliyun
2025-09-04 15:09:06 | INFO | __main__:main:35 - 向量存储类型: faiss
2025-09-04 15:09:06 | INFO | __main__:main:36 - 文档路径: ./data
2025-09-04 15:09:06 | INFO | __main__:main:39 - 步骤2：初始化DDD服务工厂
2025-09-04 15:09:06 | INFO | __main__:main:43 - 创建IndexingService实例
2025-09-04 15:09:06 | INFO | __main__:main:47 - 步骤3：收集文档文件路径
2025-09-04 15:09:06 | INFO | __main__:main:64 - 扫描目录: d:\pythoncode\hhh\data\foods
2025-09-04 15:09:06 | INFO | __main__:main:71 - 找到 2 个 .json 文件
2025-09-04 15:09:06 | INFO | __main__:main:64 - 扫描目录: d:\pythoncode\hhh\data\knowledge
2025-09-04 15:09:06 | INFO | __main__:main:71 - 找到 2 个 .md 文件
2025-09-04 15:09:06 | INFO | __main__:main:77 - 总共找到 4 个文档文件
2025-09-04 15:09:07 | INFO | __main__:main:80 - 步骤4：开始构建向量索引
2025-09-04 15:10:11 | INFO | __main__:main:21 - 开始向量索引构建流程
2025-09-04 15:10:11 | INFO | __main__:main:24 - 步骤1：加载系统配置
2025-09-04 15:10:11 | INFO | src.infrastructure.config.config_manager:_load_config:268 - 加载配置文件: config.yaml
2025-09-04 15:10:11 | INFO | __main__:main:34 - 配置加载成功 - 嵌入服务提供商: aliyun
2025-09-04 15:10:11 | INFO | __main__:main:35 - 向量存储类型: faiss
2025-09-04 15:10:11 | INFO | __main__:main:36 - 文档路径: ./data
2025-09-04 15:10:11 | INFO | __main__:main:39 - 步骤2：初始化DDD服务工厂
2025-09-04 15:10:11 | INFO | __main__:main:43 - 创建IndexingService实例
2025-09-04 15:10:11 | INFO | __main__:main:47 - 步骤3：收集文档文件路径
2025-09-04 15:10:11 | INFO | __main__:main:64 - 扫描目录: d:\pythoncode\hhh\data\foods
2025-09-04 15:10:11 | INFO | __main__:main:71 - 找到 2 个 .json 文件
2025-09-04 15:10:11 | INFO | __main__:main:64 - 扫描目录: d:\pythoncode\hhh\data\knowledge
2025-09-04 15:10:11 | INFO | __main__:main:71 - 找到 2 个 .md 文件
2025-09-04 15:10:11 | INFO | __main__:main:77 - 总共找到 4 个文档文件
2025-09-04 15:10:11 | INFO | __main__:main:80 - 步骤4：开始构建向量索引
2025-09-04 15:12:56 | INFO | __main__:main:21 - 开始向量索引构建流程
2025-09-04 15:12:56 | INFO | __main__:main:24 - 步骤1：加载系统配置
2025-09-04 15:12:56 | INFO | src.infrastructure.config.config_manager:_load_config:268 - 加载配置文件: config.yaml
2025-09-04 15:12:56 | INFO | __main__:main:34 - 配置加载成功 - 嵌入服务提供商: aliyun
2025-09-04 15:12:56 | INFO | __main__:main:35 - 向量存储类型: faiss
2025-09-04 15:12:56 | INFO | __main__:main:36 - 文档路径: ./data
2025-09-04 15:12:56 | INFO | __main__:main:39 - 步骤2：初始化DDD服务工厂
2025-09-04 15:12:56 | INFO | __main__:main:43 - 创建IndexingService实例
2025-09-04 15:12:56 | INFO | __main__:main:47 - 步骤3：收集文档文件路径
2025-09-04 15:12:56 | INFO | __main__:main:64 - 扫描目录: d:\pythoncode\hhh\data\foods
2025-09-04 15:12:56 | INFO | __main__:main:71 - 找到 2 个 .json 文件
2025-09-04 15:12:56 | INFO | __main__:main:64 - 扫描目录: d:\pythoncode\hhh\data\knowledge
2025-09-04 15:12:56 | INFO | __main__:main:71 - 找到 2 个 .md 文件
2025-09-04 15:12:56 | INFO | __main__:main:77 - 总共找到 4 个文档文件
2025-09-04 15:12:56 | INFO | __main__:main:80 - 步骤4：开始构建向量索引
2025-09-04 15:16:26 | INFO | __main__:main:21 - 开始向量索引构建流程
2025-09-04 15:16:26 | INFO | __main__:main:24 - 步骤1：加载系统配置
2025-09-04 15:16:26 | INFO | src.infrastructure.config.config_manager:_load_config:268 - 加载配置文件: config.yaml
2025-09-04 15:16:26 | INFO | __main__:main:34 - 配置加载成功 - 嵌入服务提供商: aliyun
2025-09-04 15:16:26 | INFO | __main__:main:35 - 向量存储类型: faiss
2025-09-04 15:16:26 | INFO | __main__:main:36 - 文档路径: ./data
2025-09-04 15:16:26 | INFO | __main__:main:39 - 步骤2：初始化DDD服务工厂
2025-09-04 15:16:26 | INFO | __main__:main:43 - 创建IndexingService实例
2025-09-04 15:16:26 | INFO | __main__:main:47 - 步骤3：收集文档文件路径
2025-09-04 15:16:26 | INFO | __main__:main:64 - 扫描目录: d:\pythoncode\hhh\data\foods
2025-09-04 15:16:26 | INFO | __main__:main:71 - 找到 2 个 .json 文件
2025-09-04 15:16:26 | INFO | __main__:main:64 - 扫描目录: d:\pythoncode\hhh\data\knowledge
2025-09-04 15:16:26 | INFO | __main__:main:71 - 找到 2 个 .md 文件
2025-09-04 15:16:26 | INFO | __main__:main:77 - 总共找到 4 个文档文件
2025-09-04 15:16:26 | INFO | __main__:main:80 - 步骤4：开始构建向量索引
2025-09-04 15:18:43 | INFO | __main__:main:21 - 开始向量索引构建流程
2025-09-04 15:18:43 | INFO | __main__:main:24 - 步骤1：加载系统配置
2025-09-04 15:18:43 | INFO | src.infrastructure.config.config_manager:_load_config:268 - 加载配置文件: config.yaml
2025-09-04 15:18:43 | INFO | __main__:main:34 - 配置加载成功 - 嵌入服务提供商: aliyun
2025-09-04 15:18:43 | INFO | __main__:main:35 - 向量存储类型: faiss
2025-09-04 15:18:43 | INFO | __main__:main:36 - 文档路径: ./data
2025-09-04 15:18:43 | INFO | __main__:main:39 - 步骤2：初始化DDD服务工厂
2025-09-04 15:18:43 | INFO | __main__:main:43 - 创建IndexingService实例
2025-09-04 15:18:43 | INFO | __main__:main:47 - 步骤3：收集文档文件路径
2025-09-04 15:18:43 | INFO | __main__:main:64 - 扫描目录: d:\pythoncode\hhh\data\foods
2025-09-04 15:18:43 | INFO | __main__:main:71 - 找到 2 个 .json 文件
2025-09-04 15:18:43 | INFO | __main__:main:64 - 扫描目录: d:\pythoncode\hhh\data\knowledge
2025-09-04 15:18:43 | INFO | __main__:main:71 - 找到 2 个 .md 文件
2025-09-04 15:18:43 | INFO | __main__:main:77 - 总共找到 4 个文档文件
2025-09-04 15:18:43 | INFO | __main__:main:80 - 步骤4：开始构建向量索引
2025-09-04 15:21:24 | INFO | __main__:main:21 - 开始向量索引构建流程
2025-09-04 15:21:24 | INFO | __main__:main:24 - 步骤1：加载系统配置
2025-09-04 15:21:24 | INFO | src.infrastructure.config.config_manager:_load_config:268 - 加载配置文件: config.yaml
2025-09-04 15:21:24 | INFO | __main__:main:34 - 配置加载成功 - 嵌入服务提供商: aliyun
2025-09-04 15:21:24 | INFO | __main__:main:35 - 向量存储类型: faiss
2025-09-04 15:21:24 | INFO | __main__:main:36 - 文档路径: ./data
2025-09-04 15:21:24 | INFO | __main__:main:39 - 步骤2：初始化DDD服务工厂
2025-09-04 15:21:24 | INFO | __main__:main:43 - 创建IndexingService实例
2025-09-04 15:21:24 | INFO | __main__:main:47 - 步骤3：收集文档文件路径
2025-09-04 15:21:24 | INFO | __main__:main:64 - 扫描目录: d:\pythoncode\hhh\data\foods
2025-09-04 15:21:24 | INFO | __main__:main:71 - 找到 2 个 .json 文件
2025-09-04 15:21:24 | INFO | __main__:main:64 - 扫描目录: d:\pythoncode\hhh\data\knowledge
2025-09-04 15:21:24 | INFO | __main__:main:71 - 找到 2 个 .md 文件
2025-09-04 15:21:24 | INFO | __main__:main:77 - 总共找到 4 个文档文件
2025-09-04 15:21:24 | INFO | __main__:main:80 - 步骤4：开始构建向量索引
2025-09-04 15:23:22 | INFO | __main__:main:21 - 开始向量索引构建流程
2025-09-04 15:23:22 | INFO | __main__:main:24 - 步骤1：加载系统配置
2025-09-04 15:23:22 | INFO | src.infrastructure.config.config_manager:_load_config:268 - 加载配置文件: config.yaml
2025-09-04 15:23:22 | INFO | __main__:main:34 - 配置加载成功 - 嵌入服务提供商: aliyun
2025-09-04 15:23:22 | INFO | __main__:main:35 - 向量存储类型: faiss
2025-09-04 15:23:22 | INFO | __main__:main:36 - 文档路径: ./data
2025-09-04 15:23:22 | INFO | __main__:main:39 - 步骤2：初始化DDD服务工厂
2025-09-04 15:23:22 | INFO | __main__:main:43 - 创建IndexingService实例
2025-09-04 15:23:22 | INFO | __main__:main:47 - 步骤3：收集文档文件路径
2025-09-04 15:23:22 | INFO | __main__:main:64 - 扫描目录: d:\pythoncode\hhh\data\foods
2025-09-04 15:23:22 | INFO | __main__:main:71 - 找到 2 个 .json 文件
2025-09-04 15:23:22 | INFO | __main__:main:64 - 扫描目录: d:\pythoncode\hhh\data\knowledge
2025-09-04 15:23:22 | INFO | __main__:main:71 - 找到 2 个 .md 文件
2025-09-04 15:23:22 | INFO | __main__:main:77 - 总共找到 4 个文档文件
2025-09-04 15:23:22 | INFO | __main__:main:80 - 步骤4：开始构建向量索引
2025-09-04 15:25:50 | INFO | __main__:main:21 - 开始向量索引构建流程
2025-09-04 15:25:50 | INFO | __main__:main:24 - 步骤1：加载系统配置
2025-09-04 15:25:50 | INFO | src.infrastructure.config.config_manager:_load_config:268 - 加载配置文件: config.yaml
2025-09-04 15:25:50 | INFO | __main__:main:34 - 配置加载成功 - 嵌入服务提供商: aliyun
2025-09-04 15:25:50 | INFO | __main__:main:35 - 向量存储类型: faiss
2025-09-04 15:25:50 | INFO | __main__:main:36 - 文档路径: ./data
2025-09-04 15:25:50 | INFO | __main__:main:39 - 步骤2：初始化DDD服务工厂
2025-09-04 15:25:50 | INFO | __main__:main:43 - 创建IndexingService实例
2025-09-04 15:25:50 | INFO | __main__:main:47 - 步骤3：收集文档文件路径
2025-09-04 15:25:50 | INFO | __main__:main:64 - 扫描目录: d:\pythoncode\hhh\data\foods
2025-09-04 15:25:50 | INFO | __main__:main:71 - 找到 2 个 .json 文件
2025-09-04 15:25:50 | INFO | __main__:main:64 - 扫描目录: d:\pythoncode\hhh\data\knowledge
2025-09-04 15:25:50 | INFO | __main__:main:71 - 找到 2 个 .md 文件
2025-09-04 15:25:50 | INFO | __main__:main:77 - 总共找到 4 个文档文件
2025-09-04 15:25:50 | INFO | __main__:main:80 - 步骤4：开始构建向量索引
2025-09-04 15:33:51 | INFO | __main__:main:21 - 开始向量索引构建流程
2025-09-04 15:33:51 | INFO | __main__:main:24 - 步骤1：加载系统配置
2025-09-04 15:33:51 | INFO | src.infrastructure.config.config_manager:_load_config:268 - 加载配置文件: config.yaml
2025-09-04 15:33:51 | INFO | __main__:main:34 - 配置加载成功 - 嵌入服务提供商: aliyun
2025-09-04 15:33:51 | INFO | __main__:main:35 - 向量存储类型: faiss
2025-09-04 15:33:51 | INFO | __main__:main:36 - 文档路径: ./data
2025-09-04 15:33:51 | INFO | __main__:main:39 - 步骤2：初始化DDD服务工厂
2025-09-04 15:33:51 | INFO | __main__:main:43 - 创建IndexingService实例
2025-09-04 15:33:51 | INFO | __main__:main:47 - 步骤3：收集文档文件路径
2025-09-04 15:33:51 | INFO | __main__:main:64 - 扫描目录: d:\pythoncode\hhh\data\foods
2025-09-04 15:33:51 | INFO | __main__:main:71 - 找到 2 个 .json 文件
2025-09-04 15:33:51 | INFO | __main__:main:64 - 扫描目录: d:\pythoncode\hhh\data\knowledge
2025-09-04 15:33:51 | INFO | __main__:main:71 - 找到 2 个 .md 文件
2025-09-04 15:33:51 | INFO | __main__:main:77 - 总共找到 4 个文档文件
2025-09-04 15:33:51 | INFO | __main__:main:80 - 步骤4：开始构建向量索引
2025-09-04 15:33:51 | ERROR | __main__:main:91 - 向量索引构建失败: 索引构建失败: object of type 'NoneType' has no len()
2025-09-04 15:44:06 | INFO | __main__:main:21 - 开始向量索引构建流程
2025-09-04 15:44:06 | INFO | __main__:main:24 - 步骤1：加载系统配置
2025-09-04 15:44:06 | INFO | src.infrastructure.config.config_manager:_load_config:268 - 加载配置文件: config.yaml
2025-09-04 15:44:06 | INFO | __main__:main:34 - 配置加载成功 - 嵌入服务提供商: aliyun
2025-09-04 15:44:06 | INFO | __main__:main:35 - 向量存储类型: faiss
2025-09-04 15:44:06 | INFO | __main__:main:36 - 文档路径: ./data
2025-09-04 15:44:06 | INFO | __main__:main:39 - 步骤2：初始化DDD服务工厂
2025-09-04 15:44:06 | INFO | __main__:main:43 - 创建IndexingService实例
2025-09-04 15:44:06 | INFO | __main__:main:47 - 步骤3：收集文档文件路径
2025-09-04 15:44:06 | INFO | __main__:main:64 - 扫描目录: d:\pythoncode\hhh\data\foods
2025-09-04 15:44:06 | INFO | __main__:main:71 - 找到 2 个 .json 文件
2025-09-04 15:44:06 | INFO | __main__:main:64 - 扫描目录: d:\pythoncode\hhh\data\knowledge
2025-09-04 15:44:06 | INFO | __main__:main:71 - 找到 2 个 .md 文件
2025-09-04 15:44:06 | INFO | __main__:main:77 - 总共找到 4 个文档文件
2025-09-04 15:44:06 | INFO | __main__:main:80 - 步骤4：开始构建向量索引
2025-09-04 15:44:06 | ERROR | __main__:main:91 - 向量索引构建失败: 索引构建失败: object of type 'NoneType' has no len()
2025-09-04 15:50:23 | INFO | __main__:main:21 - 开始向量索引构建流程
2025-09-04 15:50:23 | INFO | __main__:main:24 - 步骤1：加载系统配置
2025-09-04 15:50:23 | INFO | src.infrastructure.config.config_manager:_load_config:268 - 加载配置文件: config.yaml
2025-09-04 15:50:24 | INFO | __main__:main:34 - 配置加载成功 - 嵌入服务提供商: aliyun
2025-09-04 15:50:24 | INFO | __main__:main:35 - 向量存储类型: faiss
2025-09-04 15:50:24 | INFO | __main__:main:36 - 文档路径: ./data
2025-09-04 15:50:24 | INFO | __main__:main:39 - 步骤2：初始化DDD服务工厂
2025-09-04 15:50:24 | INFO | __main__:main:43 - 创建IndexingService实例
2025-09-04 15:50:24 | INFO | __main__:main:47 - 步骤3：收集文档文件路径
2025-09-04 15:50:24 | INFO | __main__:main:64 - 扫描目录: d:\pythoncode\hhh\data\foods
2025-09-04 15:50:24 | INFO | __main__:main:71 - 找到 2 个 .json 文件
2025-09-04 15:50:24 | INFO | __main__:main:64 - 扫描目录: d:\pythoncode\hhh\data\knowledge
2025-09-04 15:50:24 | INFO | __main__:main:71 - 找到 2 个 .md 文件
2025-09-04 15:50:24 | INFO | __main__:main:77 - 总共找到 4 个文档文件
2025-09-04 15:50:24 | INFO | __main__:main:80 - 步骤4：开始构建向量索引
2025-09-04 15:50:24 | ERROR | __main__:main:91 - 向量索引构建失败: 索引构建失败: object of type 'NoneType' has no len()
2025-09-04 15:50:41 | INFO | __main__:main:21 - 开始向量索引构建流程
2025-09-04 15:50:41 | INFO | __main__:main:24 - 步骤1：加载系统配置
2025-09-04 15:50:41 | INFO | src.infrastructure.config.config_manager:_load_config:268 - 加载配置文件: config.yaml
2025-09-04 15:50:41 | INFO | __main__:main:34 - 配置加载成功 - 嵌入服务提供商: aliyun
2025-09-04 15:50:41 | INFO | __main__:main:35 - 向量存储类型: faiss
2025-09-04 15:50:41 | INFO | __main__:main:36 - 文档路径: ./data
2025-09-04 15:50:41 | INFO | __main__:main:39 - 步骤2：初始化DDD服务工厂
2025-09-04 15:50:41 | INFO | __main__:main:43 - 创建IndexingService实例
2025-09-04 15:50:41 | INFO | __main__:main:47 - 步骤3：收集文档文件路径
2025-09-04 15:50:41 | INFO | __main__:main:64 - 扫描目录: d:\pythoncode\hhh\data\foods
2025-09-04 15:50:41 | INFO | __main__:main:71 - 找到 2 个 .json 文件
2025-09-04 15:50:41 | INFO | __main__:main:64 - 扫描目录: d:\pythoncode\hhh\data\knowledge
2025-09-04 15:50:42 | INFO | __main__:main:71 - 找到 2 个 .md 文件
2025-09-04 15:50:42 | INFO | __main__:main:77 - 总共找到 4 个文档文件
2025-09-04 15:50:42 | INFO | __main__:main:80 - 步骤4：开始构建向量索引
2025-09-04 15:51:30 | INFO | __main__:main:86 - 向量索引构建成功！
2025-09-04 15:51:30 | INFO | __main__:main:87 - 处理文档数量: 0
2025-09-04 15:51:30 | INFO | __main__:main:88 - 处理时间: 48.58 秒
2025-09-04 15:51:30 | INFO | __main__:main:89 - 索引存储路径: ./data/vector_index
2025-09-04 15:51:30 | INFO | __main__:main:99 - ==================================================
2025-09-04 15:51:30 | INFO | __main__:main:100 - 向量索引构建完成！
2025-09-04 15:51:30 | INFO | __main__:main:101 - 处理文档数量: 0
2025-09-04 15:51:30 | INFO | __main__:main:102 - 处理时间: 48.58 秒
2025-09-04 15:51:30 | INFO | __main__:main:103 - 向量维度: 1536
2025-09-04 15:51:30 | INFO | __main__:main:104 - 索引存储路径: ./data/vector_index
2025-09-04 15:51:30 | INFO | __main__:main:105 - ==================================================
2025-09-04 15:51:45 | INFO | __main__:main:21 - 开始向量索引构建流程
2025-09-04 15:51:45 | INFO | __main__:main:24 - 步骤1：加载系统配置
2025-09-04 15:51:45 | INFO | src.infrastructure.config.config_manager:_load_config:268 - 加载配置文件: config.yaml
2025-09-04 15:51:45 | INFO | __main__:main:34 - 配置加载成功 - 嵌入服务提供商: aliyun
2025-09-04 15:51:45 | INFO | __main__:main:35 - 向量存储类型: faiss
2025-09-04 15:51:45 | INFO | __main__:main:36 - 文档路径: ./data
2025-09-04 15:51:45 | INFO | __main__:main:39 - 步骤2：初始化DDD服务工厂
2025-09-04 15:51:45 | INFO | __main__:main:43 - 创建IndexingService实例
2025-09-04 15:51:45 | INFO | __main__:main:47 - 步骤3：收集文档文件路径
2025-09-04 15:51:45 | INFO | __main__:main:64 - 扫描目录: d:\pythoncode\hhh\data\foods
2025-09-04 15:51:45 | INFO | __main__:main:71 - 找到 2 个 .json 文件
2025-09-04 15:51:45 | INFO | __main__:main:64 - 扫描目录: d:\pythoncode\hhh\data\knowledge
2025-09-04 15:51:45 | INFO | __main__:main:71 - 找到 2 个 .md 文件
2025-09-04 15:51:45 | INFO | __main__:main:77 - 总共找到 4 个文档文件
2025-09-04 15:51:45 | INFO | __main__:main:80 - 步骤4：开始构建向量索引
2025-09-04 15:52:00 | INFO | __main__:main:21 - 开始向量索引构建流程
2025-09-04 15:52:00 | INFO | __main__:main:24 - 步骤1：加载系统配置
2025-09-04 15:52:00 | INFO | src.infrastructure.config.config_manager:_load_config:268 - 加载配置文件: config.yaml
2025-09-04 15:52:00 | INFO | __main__:main:34 - 配置加载成功 - 嵌入服务提供商: aliyun
2025-09-04 15:52:00 | INFO | __main__:main:35 - 向量存储类型: faiss
2025-09-04 15:52:00 | INFO | __main__:main:36 - 文档路径: ./data
2025-09-04 15:52:00 | INFO | __main__:main:39 - 步骤2：初始化DDD服务工厂
2025-09-04 15:52:00 | INFO | __main__:main:43 - 创建IndexingService实例
2025-09-04 15:52:00 | INFO | __main__:main:47 - 步骤3：收集文档文件路径
2025-09-04 15:52:00 | INFO | __main__:main:64 - 扫描目录: d:\pythoncode\hhh\data\foods
2025-09-04 15:52:00 | INFO | __main__:main:71 - 找到 2 个 .json 文件
2025-09-04 15:52:00 | INFO | __main__:main:64 - 扫描目录: d:\pythoncode\hhh\data\knowledge
2025-09-04 15:52:00 | INFO | __main__:main:71 - 找到 2 个 .md 文件
2025-09-04 15:52:00 | INFO | __main__:main:77 - 总共找到 4 个文档文件
2025-09-04 15:52:00 | INFO | __main__:main:80 - 步骤4：开始构建向量索引
2025-09-04 15:53:22 | INFO | __main__:main:21 - 开始向量索引构建流程
2025-09-04 15:53:22 | INFO | __main__:main:24 - 步骤1：加载系统配置
2025-09-04 15:53:22 | INFO | src.infrastructure.config.config_manager:_load_config:268 - 加载配置文件: config.yaml
2025-09-04 15:53:22 | INFO | __main__:main:34 - 配置加载成功 - 嵌入服务提供商: aliyun
2025-09-04 15:53:22 | INFO | __main__:main:35 - 向量存储类型: faiss
2025-09-04 15:53:22 | INFO | __main__:main:36 - 文档路径: ./data
2025-09-04 15:53:22 | INFO | __main__:main:39 - 步骤2：初始化DDD服务工厂
2025-09-04 15:53:22 | INFO | __main__:main:43 - 创建IndexingService实例
2025-09-04 15:53:22 | INFO | __main__:main:47 - 步骤3：收集文档文件路径
2025-09-04 15:53:22 | INFO | __main__:main:64 - 扫描目录: d:\pythoncode\hhh\data\foods
2025-09-04 15:53:22 | INFO | __main__:main:71 - 找到 2 个 .json 文件
2025-09-04 15:53:22 | INFO | __main__:main:64 - 扫描目录: d:\pythoncode\hhh\data\knowledge
2025-09-04 15:53:22 | INFO | __main__:main:71 - 找到 2 个 .md 文件
2025-09-04 15:53:22 | INFO | __main__:main:77 - 总共找到 4 个文档文件
2025-09-04 15:53:22 | INFO | __main__:main:80 - 步骤4：开始构建向量索引
2025-09-04 15:53:34 | INFO | __main__:main:86 - 向量索引构建成功！
2025-09-04 15:53:34 | INFO | __main__:main:87 - 处理文档数量: 1
2025-09-04 15:53:34 | INFO | __main__:main:88 - 处理时间: 11.60 秒
2025-09-04 15:53:34 | INFO | __main__:main:89 - 索引存储路径: ./data/vector_index
2025-09-04 15:53:34 | INFO | __main__:main:99 - ==================================================
2025-09-04 15:53:34 | INFO | __main__:main:100 - 向量索引构建完成！
2025-09-04 15:53:34 | INFO | __main__:main:101 - 处理文档数量: 1
2025-09-04 15:53:34 | INFO | __main__:main:102 - 处理时间: 11.60 秒
2025-09-04 15:53:34 | INFO | __main__:main:103 - 向量维度: 1536
2025-09-04 15:53:34 | INFO | __main__:main:104 - 索引存储路径: ./data/vector_index
2025-09-04 15:53:34 | INFO | __main__:main:105 - ==================================================
2025-09-04 15:57:36 | INFO | __main__:main:21 - 开始向量索引构建流程
2025-09-04 15:57:36 | INFO | __main__:main:24 - 步骤1：加载系统配置
2025-09-04 15:57:36 | INFO | src.infrastructure.config.config_manager:_load_config:268 - 加载配置文件: config.yaml
2025-09-04 15:57:36 | INFO | __main__:main:34 - 配置加载成功 - 嵌入服务提供商: aliyun
2025-09-04 15:57:36 | INFO | __main__:main:35 - 向量存储类型: faiss
2025-09-04 15:57:36 | INFO | __main__:main:36 - 文档路径: ./data
2025-09-04 15:57:36 | INFO | __main__:main:39 - 步骤2：初始化DDD服务工厂
2025-09-04 15:57:36 | INFO | __main__:main:43 - 创建IndexingService实例
2025-09-04 15:57:36 | INFO | __main__:main:47 - 步骤3：收集文档文件路径
2025-09-04 15:57:36 | INFO | __main__:main:64 - 扫描目录: d:\pythoncode\hhh\data\foods
2025-09-04 15:57:36 | INFO | __main__:main:71 - 找到 2 个 .json 文件
2025-09-04 15:57:36 | INFO | __main__:main:64 - 扫描目录: d:\pythoncode\hhh\data\knowledge
2025-09-04 15:57:36 | INFO | __main__:main:71 - 找到 2 个 .md 文件
2025-09-04 15:57:36 | INFO | __main__:main:77 - 总共找到 4 个文档文件
2025-09-04 15:57:36 | INFO | __main__:main:80 - 步骤4：开始构建向量索引
2025-09-04 15:58:24 | INFO | __main__:main:86 - 向量索引构建成功！
2025-09-04 15:58:24 | INFO | __main__:main:87 - 处理文档数量: 24
2025-09-04 15:58:24 | INFO | __main__:main:88 - 处理时间: 47.59 秒
2025-09-04 15:58:24 | INFO | __main__:main:89 - 索引存储路径: ./data/vector_index
2025-09-04 15:58:24 | INFO | __main__:main:99 - ==================================================
2025-09-04 15:58:24 | INFO | __main__:main:100 - 向量索引构建完成！
2025-09-04 15:58:24 | INFO | __main__:main:101 - 处理文档数量: 24
2025-09-04 15:58:24 | INFO | __main__:main:102 - 处理时间: 47.59 秒
2025-09-04 15:58:24 | INFO | __main__:main:103 - 向量维度: 1536
2025-09-04 15:58:24 | INFO | __main__:main:104 - 索引存储路径: ./data/vector_index
2025-09-04 15:58:24 | INFO | __main__:main:105 - ==================================================
2025-09-04 16:59:30 | INFO | __main__:main:21 - 开始向量索引构建流程
2025-09-04 16:59:30 | INFO | __main__:main:24 - 步骤1：加载系统配置
2025-09-04 16:59:30 | INFO | src.infrastructure.config.config_manager:_load_config:268 - 加载配置文件: config.yaml
2025-09-04 16:59:30 | INFO | __main__:main:34 - 配置加载成功 - 嵌入服务提供商: aliyun
2025-09-04 16:59:30 | INFO | __main__:main:35 - 向量存储类型: faiss
2025-09-04 16:59:30 | INFO | __main__:main:36 - 文档路径: ./data
2025-09-04 16:59:30 | INFO | __main__:main:39 - 步骤2：初始化DDD服务工厂
2025-09-04 16:59:30 | INFO | __main__:main:43 - 创建IndexingService实例
2025-09-04 16:59:31 | INFO | __main__:main:47 - 步骤3：收集文档文件路径
2025-09-04 16:59:31 | INFO | __main__:main:64 - 扫描目录: d:\pythoncode\hhh\data\foods
2025-09-04 16:59:31 | INFO | __main__:main:71 - 找到 2 个 .json 文件
2025-09-04 16:59:31 | INFO | __main__:main:64 - 扫描目录: d:\pythoncode\hhh\data\knowledge
2025-09-04 16:59:31 | INFO | __main__:main:71 - 找到 2 个 .md 文件
2025-09-04 16:59:31 | INFO | __main__:main:77 - 总共找到 4 个文档文件
2025-09-04 16:59:31 | INFO | __main__:main:80 - 步骤4：开始构建向量索引
2025-09-04 17:04:39 | INFO | __main__:main:21 - 开始向量索引构建流程
2025-09-04 17:04:39 | INFO | __main__:main:24 - 步骤1：加载系统配置
2025-09-04 17:04:39 | INFO | src.infrastructure.config.config_manager:_load_config:268 - 加载配置文件: config.yaml
2025-09-04 17:04:39 | INFO | __main__:main:34 - 配置加载成功 - 嵌入服务提供商: aliyun
2025-09-04 17:04:39 | INFO | __main__:main:35 - 向量存储类型: faiss
2025-09-04 17:04:39 | INFO | __main__:main:36 - 文档路径: ./data
2025-09-04 17:04:39 | INFO | __main__:main:39 - 步骤2：初始化DDD服务工厂
2025-09-04 17:04:39 | INFO | __main__:main:43 - 创建IndexingService实例
2025-09-04 17:04:39 | INFO | __main__:main:47 - 步骤3：收集文档文件路径
2025-09-04 17:04:39 | INFO | __main__:main:64 - 扫描目录: d:\pythoncode\hhh\data\foods
2025-09-04 17:04:39 | INFO | __main__:main:71 - 找到 2 个 .json 文件
2025-09-04 17:04:39 | INFO | __main__:main:64 - 扫描目录: d:\pythoncode\hhh\data\knowledge
2025-09-04 17:04:39 | INFO | __main__:main:71 - 找到 2 个 .md 文件
2025-09-04 17:04:39 | INFO | __main__:main:77 - 总共找到 4 个文档文件
2025-09-04 17:04:39 | INFO | __main__:main:80 - 步骤4：开始构建向量索引
2025-09-04 17:05:25 | INFO | __main__:main:86 - 向量索引构建成功！
2025-09-04 17:05:25 | INFO | __main__:main:87 - 处理文档数量: 24
2025-09-04 17:05:25 | INFO | __main__:main:88 - 处理时间: 46.63 秒
2025-09-04 17:05:25 | INFO | __main__:main:89 - 索引存储路径: ./data/vector_index
2025-09-04 17:05:25 | INFO | __main__:main:99 - ==================================================
2025-09-04 17:05:25 | INFO | __main__:main:100 - 向量索引构建完成！
2025-09-04 17:05:25 | INFO | __main__:main:101 - 处理文档数量: 24
2025-09-04 17:05:25 | INFO | __main__:main:102 - 处理时间: 46.63 秒
2025-09-04 17:05:25 | INFO | __main__:main:103 - 向量维度: 1536
2025-09-04 17:05:25 | INFO | __main__:main:104 - 索引存储路径: ./data/vector_index
2025-09-04 17:05:25 | INFO | __main__:main:105 - ==================================================
